Started GET "/" for 127.0.0.1 at 2021-03-31 14:09:01 -0400

ActiveRecord::NoDatabaseError - FATAL:  database "first_routes_controllers_development" does not exist:

Started POST "/__better_errors/5d05bcceed3fde74/variables" for 127.0.0.1 at 2021-03-31 14:09:02 -0400
Started GET "/" for 127.0.0.1 at 2021-03-31 14:10:17 -0400

ActiveRecord::NoDatabaseError - FATAL:  database "first_routes_controllers_development" does not exist:

Started POST "/__better_errors/499b394877cfd0bd/variables" for 127.0.0.1 at 2021-03-31 14:10:17 -0400
Started GET "/" for 127.0.0.1 at 2021-03-31 14:10:18 -0400

ActiveRecord::NoDatabaseError - FATAL:  database "first_routes_controllers_development" does not exist:

Started POST "/__better_errors/a65caacd9825c1ee/variables" for 127.0.0.1 at 2021-03-31 14:10:18 -0400
  [1m[35m (818.9ms)[0m  [1m[35mCREATE DATABASE "first_routes_controllers_development" ENCODING = 'unicode'[0m
  ↳ bin/rails:9
  [1m[35m (738.5ms)[0m  [1m[35mCREATE DATABASE "first_routes_controllers_test" ENCODING = 'unicode'[0m
  ↳ bin/rails:9
Started GET "/" for 127.0.0.1 at 2021-03-31 14:10:55 -0400
Processing by Rails::WelcomeController#index as HTML
  Rendering C:/Ruby27-x64/lib/ruby/gems/2.7.0/gems/railties-5.2.5/lib/rails/templates/rails/welcome/index.html.erb
  Rendered C:/Ruby27-x64/lib/ruby/gems/2.7.0/gems/railties-5.2.5/lib/rails/templates/rails/welcome/index.html.erb (15.6ms)
Completed 200 OK in 79ms (Views: 59.0ms | ActiveRecord: 0.0ms)


Started GET "/" for ::1 at 2021-03-31 14:13:21 -0400
Processing by Rails::WelcomeController#index as */*
  Rendering C:/Ruby27-x64/lib/ruby/gems/2.7.0/gems/railties-5.2.5/lib/rails/templates/rails/welcome/index.html.erb
  Rendered C:/Ruby27-x64/lib/ruby/gems/2.7.0/gems/railties-5.2.5/lib/rails/templates/rails/welcome/index.html.erb (1.4ms)
Completed 200 OK in 35ms (Views: 19.3ms | ActiveRecord: 0.0ms)


Started GET "/users" for ::1 at 2021-03-31 14:14:14 -0400

AbstractController::ActionNotFound - The action 'index' could not be found for UsersController:

Started GET "/users" for ::1 at 2021-03-31 14:15:16 -0400
Processing by UsersController#index as */*
Completed 500 Internal Server Error in 2ms (ActiveRecord: 0.0ms)



NameError - uninitialized constant UsersController::User:
  app/controllers/users_controller.rb:4:in `index'

Started GET "/users" for ::1 at 2021-03-31 14:15:53 -0400
Processing by UsersController#index as */*
No template found for UsersController#index, rendering head :no_content
Completed 204 No Content in 6ms (ActiveRecord: 0.0ms)


Started GET "/users" for ::1 at 2021-03-31 14:15:54 -0400
Processing by UsersController#index as */*
No template found for UsersController#index, rendering head :no_content
Completed 204 No Content in 6ms (ActiveRecord: 0.0ms)


Started GET "/users" for ::1 at 2021-03-31 14:16:08 -0400
Processing by UsersController#index as */*
No template found for UsersController#index, rendering head :no_content
Completed 204 No Content in 6ms (ActiveRecord: 0.0ms)


Started GET "/users" for ::1 at 2021-03-31 14:16:08 -0400
Processing by UsersController#index as */*
No template found for UsersController#index, rendering head :no_content
Completed 204 No Content in 5ms (ActiveRecord: 0.0ms)


Started GET "/users" for ::1 at 2021-03-31 14:16:18 -0400
Processing by UsersController#index as */*
No template found for UsersController#index, rendering head :no_content
Completed 204 No Content in 5ms (ActiveRecord: 0.0ms)


Started GET "/users" for ::1 at 2021-03-31 14:16:19 -0400
Processing by UsersController#index as */*
No template found for UsersController#index, rendering head :no_content
Completed 204 No Content in 6ms (ActiveRecord: 0.0ms)


Started GET "/users" for ::1 at 2021-03-31 14:16:54 -0400
Processing by UsersController#index as */*
  Rendering text template
  Rendered text template (0.0ms)
Completed 200 OK in 15ms (Views: 15.1ms | ActiveRecord: 0.0ms)


Started GET "/users?fav_food=pizza" for ::1 at 2021-03-31 14:17:45 -0400
Processing by UsersController#index as */*
  Parameters: {"fav_food"=>"pizza"}
  Rendering text template
  Rendered text template (0.0ms)
Completed 200 OK in 1ms (Views: 0.8ms | ActiveRecord: 0.0ms)


Started GET "/users?admin=true" for ::1 at 2021-03-31 14:18:00 -0400
Processing by UsersController#index as */*
  Parameters: {"admin"=>"true"}
  Rendering text template
  Rendered text template (0.0ms)
Completed 200 OK in 1ms (Views: 0.8ms | ActiveRecord: 0.0ms)


Started POST "/users" for ::1 at 2021-03-31 14:21:30 -0400

AbstractController::ActionNotFound - The action 'create' could not be found for UsersController:

Started POST "/users" for ::1 at 2021-03-31 14:22:21 -0400
Processing by UsersController#create as */*
  Parameters: {"fav_food"=>"pasta"}
Completed 200 OK in 0ms (Views: 0.2ms | ActiveRecord: 0.0ms)


Started GET "/users/2" for ::1 at 2021-03-31 14:23:00 -0400

AbstractController::ActionNotFound - The action 'show' could not be found for UsersController:

Started GET "/users/2" for ::1 at 2021-03-31 14:23:26 -0400
Processing by UsersController#show as */*
  Parameters: {"fav_food"=>"pasta", "id"=>"2"}
Completed 200 OK in 0ms (Views: 0.1ms | ActiveRecord: 0.0ms)


Started GET "/users/1" for ::1 at 2021-03-31 14:23:43 -0400
Processing by UsersController#show as */*
  Parameters: {"fav_food"=>"pasta", "id"=>"1"}
Completed 200 OK in 0ms (Views: 0.1ms | ActiveRecord: 0.0ms)


Started GET "/users/2" for ::1 at 2021-03-31 14:23:46 -0400
Processing by UsersController#show as */*
  Parameters: {"fav_food"=>"pasta", "id"=>"2"}
Completed 200 OK in 0ms (Views: 0.1ms | ActiveRecord: 0.0ms)


Started GET "/users" for ::1 at 2021-03-31 14:25:55 -0400
Processing by UsersController#index as */*
  Parameters: {"some_category"=>{"a_key"=>"another value", "a_second_key"=>"yet another value", "inner_inner_hash"=>{"key"=>"value"}}, "something_else"=>"ahhhhhh"}
  Rendering text template
  Rendered text template (0.0ms)
Completed 200 OK in 1ms (Views: 0.7ms | ActiveRecord: 0.0ms)


Started POST "/users" for ::1 at 2021-03-31 14:27:00 -0400
Processing by UsersController#create as */*
  Parameters: {"some_category"=>{"a_key"=>"another value", "a_second_key"=>"yet another value", "inner_inner_hash"=>{"key"=>"value"}}, "something_else"=>"ahhhhhh"}
Completed 200 OK in 0ms (Views: 0.1ms | ActiveRecord: 0.0ms)


Started POST "/users/2" for ::1 at 2021-03-31 14:27:15 -0400
  
ActionController::RoutingError (No route matches [POST] "/users/2"):
  
actionpack (5.2.5) lib/action_dispatch/middleware/debug_exceptions.rb:65:in `call'
web-console (3.7.0) lib/web_console/middleware.rb:135:in `call_app'
web-console (3.7.0) lib/web_console/middleware.rb:30:in `block in call'
web-console (3.7.0) lib/web_console/middleware.rb:20:in `catch'
web-console (3.7.0) lib/web_console/middleware.rb:20:in `call'
actionpack (5.2.5) lib/action_dispatch/middleware/show_exceptions.rb:33:in `call'
railties (5.2.5) lib/rails/rack/logger.rb:38:in `call_app'
railties (5.2.5) lib/rails/rack/logger.rb:26:in `block in call'
activesupport (5.2.5) lib/active_support/tagged_logging.rb:71:in `block in tagged'
activesupport (5.2.5) lib/active_support/tagged_logging.rb:28:in `tagged'
activesupport (5.2.5) lib/active_support/tagged_logging.rb:71:in `tagged'
railties (5.2.5) lib/rails/rack/logger.rb:26:in `call'
sprockets-rails (3.2.2) lib/sprockets/rails/quiet_assets.rb:13:in `call'
actionpack (5.2.5) lib/action_dispatch/middleware/remote_ip.rb:81:in `call'
actionpack (5.2.5) lib/action_dispatch/middleware/request_id.rb:27:in `call'
rack (2.2.3) lib/rack/method_override.rb:24:in `call'
rack (2.2.3) lib/rack/runtime.rb:22:in `call'
activesupport (5.2.5) lib/active_support/cache/strategy/local_cache_middleware.rb:29:in `call'
actionpack (5.2.5) lib/action_dispatch/middleware/executor.rb:14:in `call'
actionpack (5.2.5) lib/action_dispatch/middleware/static.rb:127:in `call'
rack (2.2.3) lib/rack/sendfile.rb:110:in `call'
railties (5.2.5) lib/rails/engine.rb:524:in `call'
puma (3.12.6) lib/puma/configuration.rb:227:in `call'
puma (3.12.6) lib/puma/server.rb:706:in `handle_request'
puma (3.12.6) lib/puma/server.rb:476:in `process_client'
puma (3.12.6) lib/puma/server.rb:334:in `block in run'
puma (3.12.6) lib/puma/thread_pool.rb:135:in `block in spawn_thread'
Started POST "/users" for ::1 at 2021-03-31 14:27:22 -0400
Processing by UsersController#create as */*
  Parameters: {"some_category"=>{"a_key"=>"another value", "a_second_key"=>"yet another value", "inner_inner_hash"=>{"key"=>"value"}}, "something_else"=>"ahhhhhh"}
Completed 200 OK in 0ms (Views: 0.1ms | ActiveRecord: 0.0ms)


  [1m[35m (25.3ms)[0m  [1m[35mCREATE TABLE "schema_migrations" ("version" character varying NOT NULL PRIMARY KEY)[0m
  ↳ bin/rails:9
  [1m[35m (9.2ms)[0m  [1m[35mCREATE TABLE "ar_internal_metadata" ("key" character varying NOT NULL PRIMARY KEY, "value" character varying, "created_at" timestamp NOT NULL, "updated_at" timestamp NOT NULL)[0m
  ↳ bin/rails:9
  [1m[35m (0.2ms)[0m  [1m[34mSELECT pg_try_advisory_lock(8351843619101397030)[0m
  ↳ bin/rails:9
  [1m[35m (0.5ms)[0m  [1m[34mSELECT "schema_migrations"."version" FROM "schema_migrations" ORDER BY "schema_migrations"."version" ASC[0m
  ↳ bin/rails:9
Migrating to CreateUsers (20210331182938)
  [1m[35m (0.2ms)[0m  [1m[35mBEGIN[0m
  ↳ bin/rails:9
  [1m[35m (6.2ms)[0m  [1m[35mCREATE TABLE "users" ("id" bigserial primary key)[0m
  ↳ db/migrate/20210331182938_create_users.rb:3
  [1m[36mActiveRecord::SchemaMigration Create (2.6ms)[0m  [1m[32mINSERT INTO "schema_migrations" ("version") VALUES ($1) RETURNING "version"[0m  [["version", "20210331182938"]]
  ↳ bin/rails:9
  [1m[35m (0.3ms)[0m  [1m[35mCOMMIT[0m
  ↳ bin/rails:9
  [1m[36mActiveRecord::InternalMetadata Load (0.6ms)[0m  [1m[34mSELECT  "ar_internal_metadata".* FROM "ar_internal_metadata" WHERE "ar_internal_metadata"."key" = $1 LIMIT $2[0m  [["key", "environment"], ["LIMIT", 1]]
  ↳ bin/rails:9
  [1m[35m (0.1ms)[0m  [1m[35mBEGIN[0m
  ↳ bin/rails:9
  [1m[36mActiveRecord::InternalMetadata Create (1.1ms)[0m  [1m[32mINSERT INTO "ar_internal_metadata" ("key", "value", "created_at", "updated_at") VALUES ($1, $2, $3, $4) RETURNING "key"[0m  [["key", "environment"], ["value", "development"], ["created_at", "2021-03-31 18:31:22.580972"], ["updated_at", "2021-03-31 18:31:22.580972"]]
  ↳ bin/rails:9
  [1m[35m (0.3ms)[0m  [1m[35mCOMMIT[0m
  ↳ bin/rails:9
  [1m[35m (0.2ms)[0m  [1m[34mSELECT pg_advisory_unlock(8351843619101397030)[0m
  ↳ bin/rails:9
  [1m[35m (0.5ms)[0m  [1m[34mSELECT "schema_migrations"."version" FROM "schema_migrations" ORDER BY "schema_migrations"."version" ASC[0m
  ↳ bin/rails:9
  [1m[35m (0.1ms)[0m  [1m[35mBEGIN[0m
  [1m[35m (0.1ms)[0m  [1m[31mROLLBACK[0m
  [1m[35m (0.9ms)[0m  [1m[34mSELECT "schema_migrations"."version" FROM "schema_migrations" ORDER BY "schema_migrations"."version" ASC[0m
  ↳ bin/rails:9
  [1m[35m (0.1ms)[0m  [1m[34mSELECT pg_try_advisory_lock(8351843619101397030)[0m
  ↳ bin/rails:9
  [1m[35m (1.1ms)[0m  [1m[34mSELECT "schema_migrations"."version" FROM "schema_migrations" ORDER BY "schema_migrations"."version" ASC[0m
  ↳ bin/rails:9
Migrating to CreateUser (20210331183749)
  [1m[35m (0.1ms)[0m  [1m[35mBEGIN[0m
  ↳ bin/rails:9
  [1m[35m (13.8ms)[0m  [1m[35mCREATE TABLE "users" ("id" bigserial primary key, "name" character varying NOT NULL, "email" character varying NOT NULL, "created_at" timestamp NOT NULL, "updated_at" timestamp NOT NULL)[0m
  ↳ db/migrate/20210331183749_create_user.rb:3
  [1m[35m (0.2ms)[0m  [1m[31mROLLBACK[0m
  ↳ bin/rails:9
  [1m[35m (0.2ms)[0m  [1m[34mSELECT pg_advisory_unlock(8351843619101397030)[0m
  ↳ bin/rails:9
  [1m[35m (622.8ms)[0m  [1m[35mCREATE DATABASE "first_routes_controllers_development" ENCODING = 'unicode'[0m
  ↳ bin/rails:9
  [1m[35m (620.7ms)[0m  [1m[35mCREATE DATABASE "first_routes_controllers_test" ENCODING = 'unicode'[0m
  ↳ bin/rails:9
  [1m[35m (12.2ms)[0m  [1m[35mCREATE TABLE "schema_migrations" ("version" character varying NOT NULL PRIMARY KEY)[0m
  ↳ bin/rails:9
  [1m[35m (4.9ms)[0m  [1m[35mCREATE TABLE "ar_internal_metadata" ("key" character varying NOT NULL PRIMARY KEY, "value" character varying, "created_at" timestamp NOT NULL, "updated_at" timestamp NOT NULL)[0m
  ↳ bin/rails:9
  [1m[35m (0.1ms)[0m  [1m[34mSELECT pg_try_advisory_lock(8351843619101397030)[0m
  ↳ bin/rails:9
  [1m[35m (0.5ms)[0m  [1m[34mSELECT "schema_migrations"."version" FROM "schema_migrations" ORDER BY "schema_migrations"."version" ASC[0m
  ↳ bin/rails:9
Migrating to CreateUser (20210331183749)
  [1m[35m (0.1ms)[0m  [1m[35mBEGIN[0m
  ↳ bin/rails:9
  [1m[35m (6.8ms)[0m  [1m[35mCREATE TABLE "users" ("id" bigserial primary key, "name" character varying NOT NULL, "email" character varying NOT NULL, "created_at" timestamp NOT NULL, "updated_at" timestamp NOT NULL)[0m
  ↳ db/migrate/20210331183749_create_user.rb:3
  [1m[36mActiveRecord::SchemaMigration Create (0.4ms)[0m  [1m[32mINSERT INTO "schema_migrations" ("version") VALUES ($1) RETURNING "version"[0m  [["version", "20210331183749"]]
  ↳ bin/rails:9
  [1m[35m (0.4ms)[0m  [1m[35mCOMMIT[0m
  ↳ bin/rails:9
  [1m[36mActiveRecord::InternalMetadata Load (0.5ms)[0m  [1m[34mSELECT  "ar_internal_metadata".* FROM "ar_internal_metadata" WHERE "ar_internal_metadata"."key" = $1 LIMIT $2[0m  [["key", "environment"], ["LIMIT", 1]]
  ↳ bin/rails:9
  [1m[35m (0.1ms)[0m  [1m[35mBEGIN[0m
  ↳ bin/rails:9
  [1m[36mActiveRecord::InternalMetadata Create (0.4ms)[0m  [1m[32mINSERT INTO "ar_internal_metadata" ("key", "value", "created_at", "updated_at") VALUES ($1, $2, $3, $4) RETURNING "key"[0m  [["key", "environment"], ["value", "development"], ["created_at", "2021-03-31 18:39:30.077876"], ["updated_at", "2021-03-31 18:39:30.077876"]]
  ↳ bin/rails:9
  [1m[35m (0.2ms)[0m  [1m[35mCOMMIT[0m
  ↳ bin/rails:9
  [1m[35m (0.1ms)[0m  [1m[34mSELECT pg_advisory_unlock(8351843619101397030)[0m
  ↳ bin/rails:9
  [1m[35m (0.2ms)[0m  [1m[34mSELECT "schema_migrations"."version" FROM "schema_migrations" ORDER BY "schema_migrations"."version" ASC[0m
  ↳ bin/rails:9
  [1m[35m (0.8ms)[0m  [1m[34mSELECT "schema_migrations"."version" FROM "schema_migrations" ORDER BY "schema_migrations"."version" ASC[0m
  ↳ bin/rails:9
  [1m[35m (0.1ms)[0m  [1m[35mBEGIN[0m
  [1m[36mUser Create (1.1ms)[0m  [1m[32mINSERT INTO "users" ("name", "email", "created_at", "updated_at") VALUES ($1, $2, $3, $4) RETURNING "id"[0m  [["name", "jae"], ["email", "jae@gmail.com"], ["created_at", "2021-03-31 18:40:04.643590"], ["updated_at", "2021-03-31 18:40:04.643590"]]
  [1m[35m (0.7ms)[0m  [1m[35mCOMMIT[0m
Started GET "/users" for ::1 at 2021-03-31 14:41:40 -0400
  [1m[35m (1.2ms)[0m  [1m[34mSELECT "schema_migrations"."version" FROM "schema_migrations" ORDER BY "schema_migrations"."version" ASC[0m
  ↳ C:/Ruby27-x64/lib/ruby/gems/2.7.0/gems/activerecord-5.2.5/lib/active_record/log_subscriber.rb:98
Processing by UsersController#index as */*
  Parameters: {"some_category"=>{"a_key"=>"another value", "a_second_key"=>"yet another value", "inner_inner_hash"=>{"key"=>"value"}}, "something_else"=>"ahhhhhh"}
  [1m[36mUser Load (2.4ms)[0m  [1m[34mSELECT "users".* FROM "users"[0m
  ↳ app/controllers/users_controller.rb:5
Completed 200 OK in 51ms (Views: 25.0ms | ActiveRecord: 12.9ms)


Started POST "/users?name=daniel&email=daniel@gmail.com" for ::1 at 2021-03-31 14:44:03 -0400
Processing by UsersController#create as */*
  Parameters: {"some_category"=>{"a_key"=>"another value", "a_second_key"=>"yet another value", "inner_inner_hash"=>{"key"=>"value"}}, "something_else"=>"ahhhhhh", "name"=>"daniel", "email"=>"daniel@gmail.com"}
Completed 400 Bad Request in 3ms (ActiveRecord: 0.0ms)



ActionController::ParameterMissing - param is missing or the value is empty: user:
  app/controllers/users_controller.rb:10:in `create'

Started POST "/users?user[name]=daniel&user[email]=daniel@gmail.com" for ::1 at 2021-03-31 14:46:37 -0400
Processing by UsersController#create as */*
  Parameters: {"some_category"=>{"a_key"=>"another value", "a_second_key"=>"yet another value", "inner_inner_hash"=>{"key"=>"value"}}, "something_else"=>"ahhhhhh", "user"=>{"name"=>"daniel", "email"=>"daniel@gmail.com"}}
  [1m[35m (0.2ms)[0m  [1m[35mBEGIN[0m
  ↳ app/controllers/users_controller.rb:12
  [1m[36mUser Create (0.4ms)[0m  [1m[32mINSERT INTO "users" ("name", "email", "created_at", "updated_at") VALUES ($1, $2, $3, $4) RETURNING "id"[0m  [["name", "daniel"], ["email", "daniel@gmail.com"], ["created_at", "2021-03-31 18:46:37.314497"], ["updated_at", "2021-03-31 18:46:37.314497"]]
  ↳ app/controllers/users_controller.rb:12
  [1m[35m (0.9ms)[0m  [1m[35mCOMMIT[0m
  ↳ app/controllers/users_controller.rb:12
Completed 200 OK in 12ms (Views: 0.5ms | ActiveRecord: 4.3ms)


Started POST "/users?user[name]=daniel" for ::1 at 2021-03-31 14:47:05 -0400
Processing by UsersController#create as */*
  Parameters: {"some_category"=>{"a_key"=>"another value", "a_second_key"=>"yet another value", "inner_inner_hash"=>{"key"=>"value"}}, "something_else"=>"ahhhhhh", "user"=>{"name"=>"daniel"}}
  [1m[35m (0.1ms)[0m  [1m[35mBEGIN[0m
  ↳ app/controllers/users_controller.rb:12
  [1m[35m (0.1ms)[0m  [1m[31mROLLBACK[0m
  ↳ app/controllers/users_controller.rb:12
Completed 422 Unprocessable Entity in 65ms (ActiveRecord: 0.3ms)



ActiveRecord::RecordInvalid - Validation failed: Email can't be blank:
  app/controllers/users_controller.rb:12:in `create'

Started POST "/users?user[name]=daniel" for ::1 at 2021-03-31 14:47:46 -0400
Processing by UsersController#create as */*
  Parameters: {"some_category"=>{"a_key"=>"another value", "a_second_key"=>"yet another value", "inner_inner_hash"=>{"key"=>"value"}}, "something_else"=>"ahhhhhh", "user"=>{"name"=>"daniel"}}
  [1m[35m (0.3ms)[0m  [1m[35mBEGIN[0m
  ↳ app/controllers/users_controller.rb:12
  [1m[35m (0.3ms)[0m  [1m[31mROLLBACK[0m
  ↳ app/controllers/users_controller.rb:12
Completed 422 Unprocessable Entity in 14ms (Views: 0.1ms | ActiveRecord: 3.9ms)


Started POST "/users?user[name]=daniel&user[email]=daniel@gmail.com" for ::1 at 2021-03-31 14:47:49 -0400
Processing by UsersController#create as */*
  Parameters: {"some_category"=>{"a_key"=>"another value", "a_second_key"=>"yet another value", "inner_inner_hash"=>{"key"=>"value"}}, "something_else"=>"ahhhhhh", "user"=>{"name"=>"daniel", "email"=>"daniel@gmail.com"}}
  [1m[35m (0.2ms)[0m  [1m[35mBEGIN[0m
  ↳ app/controllers/users_controller.rb:12
  [1m[36mUser Create (0.3ms)[0m  [1m[32mINSERT INTO "users" ("name", "email", "created_at", "updated_at") VALUES ($1, $2, $3, $4) RETURNING "id"[0m  [["name", "daniel"], ["email", "daniel@gmail.com"], ["created_at", "2021-03-31 18:47:49.318103"], ["updated_at", "2021-03-31 18:47:49.318103"]]
  ↳ app/controllers/users_controller.rb:12
  [1m[35m (0.4ms)[0m  [1m[35mCOMMIT[0m
  ↳ app/controllers/users_controller.rb:12
Completed 200 OK in 4ms (Views: 0.3ms | ActiveRecord: 0.8ms)


Started POST "/users?user[email]=daniel@gmail.com" for ::1 at 2021-03-31 14:47:51 -0400
Processing by UsersController#create as */*
  Parameters: {"some_category"=>{"a_key"=>"another value", "a_second_key"=>"yet another value", "inner_inner_hash"=>{"key"=>"value"}}, "something_else"=>"ahhhhhh", "user"=>{"email"=>"daniel@gmail.com"}}
  [1m[35m (0.3ms)[0m  [1m[35mBEGIN[0m
  ↳ app/controllers/users_controller.rb:12
  [1m[35m (0.2ms)[0m  [1m[31mROLLBACK[0m
  ↳ app/controllers/users_controller.rb:12
Completed 422 Unprocessable Entity in 5ms (Views: 0.2ms | ActiveRecord: 0.5ms)


Started POST "/users?user[name]=daniel&user[email]=daniel@gmail.com" for ::1 at 2021-03-31 14:47:54 -0400
Processing by UsersController#create as */*
  Parameters: {"some_category"=>{"a_key"=>"another value", "a_second_key"=>"yet another value", "inner_inner_hash"=>{"key"=>"value"}}, "something_else"=>"ahhhhhh", "user"=>{"name"=>"daniel", "email"=>"daniel@gmail.com"}}
  [1m[35m (0.2ms)[0m  [1m[35mBEGIN[0m
  ↳ app/controllers/users_controller.rb:12
  [1m[36mUser Create (0.4ms)[0m  [1m[32mINSERT INTO "users" ("name", "email", "created_at", "updated_at") VALUES ($1, $2, $3, $4) RETURNING "id"[0m  [["name", "daniel"], ["email", "daniel@gmail.com"], ["created_at", "2021-03-31 18:47:54.035640"], ["updated_at", "2021-03-31 18:47:54.035640"]]
  ↳ app/controllers/users_controller.rb:12
  [1m[35m (0.4ms)[0m  [1m[35mCOMMIT[0m
  ↳ app/controllers/users_controller.rb:12
Completed 200 OK in 5ms (Views: 0.4ms | ActiveRecord: 1.0ms)


Started GET "/users/1" for ::1 at 2021-03-31 14:53:33 -0400
Processing by UsersController#show as */*
  Parameters: {"some_category"=>{"a_key"=>"another value", "a_second_key"=>"yet another value", "inner_inner_hash"=>{"key"=>"value"}}, "something_else"=>"ahhhhhh", "id"=>"1"}
  [1m[36mUser Load (0.2ms)[0m  [1m[34mSELECT  "users".* FROM "users" WHERE "users"."id" = $1 LIMIT $2[0m  [["id", 1], ["LIMIT", 1]]
  ↳ app/controllers/users_controller.rb:21
Completed 200 OK in 13ms (Views: 0.6ms | ActiveRecord: 3.1ms)


Started PATCH "/users/1?user[email]=jaewooklim@gmail.com" for ::1 at 2021-03-31 14:54:02 -0400
Processing by UsersController#update as */*
  Parameters: {"some_category"=>{"a_key"=>"another value", "a_second_key"=>"yet another value", "inner_inner_hash"=>{"key"=>"value"}}, "something_else"=>"ahhhhhh", "user"=>{"email"=>"jaewooklim@gmail.com"}, "id"=>"1"}
  [1m[36mUser Load (0.6ms)[0m  [1m[34mSELECT  "users".* FROM "users" WHERE "users"."id" = $1 LIMIT $2[0m  [["id", 1], ["LIMIT", 1]]
  ↳ app/controllers/users_controller.rb:26
  [1m[35m (0.3ms)[0m  [1m[35mBEGIN[0m
  ↳ app/controllers/users_controller.rb:27
  [1m[36mUser Update (0.8ms)[0m  [1m[33mUPDATE "users" SET "email" = $1, "updated_at" = $2 WHERE "users"."id" = $3[0m  [["email", "jaewooklim@gmail.com"], ["updated_at", "2021-03-31 18:54:02.662074"], ["id", 1]]
  ↳ app/controllers/users_controller.rb:27
  [1m[35m (0.4ms)[0m  [1m[35mCOMMIT[0m
  ↳ app/controllers/users_controller.rb:27
Redirected to http://localhost:3000/users/1
Completed 302 Found in 9ms (ActiveRecord: 2.1ms)


Started GET "/users/1" for ::1 at 2021-03-31 14:54:02 -0400
Processing by UsersController#show as */*
  Parameters: {"id"=>"1"}
  [1m[36mUser Load (0.3ms)[0m  [1m[34mSELECT  "users".* FROM "users" WHERE "users"."id" = $1 LIMIT $2[0m  [["id", 1], ["LIMIT", 1]]
  ↳ app/controllers/users_controller.rb:21
Completed 200 OK in 2ms (Views: 0.3ms | ActiveRecord: 0.3ms)


Started GET "/users/2" for ::1 at 2021-03-31 14:54:12 -0400
Processing by UsersController#show as */*
  Parameters: {"some_category"=>{"a_key"=>"another value", "a_second_key"=>"yet another value", "inner_inner_hash"=>{"key"=>"value"}}, "something_else"=>"ahhhhhh", "id"=>"2"}
  [1m[36mUser Load (0.2ms)[0m  [1m[34mSELECT  "users".* FROM "users" WHERE "users"."id" = $1 LIMIT $2[0m  [["id", 2], ["LIMIT", 1]]
  ↳ app/controllers/users_controller.rb:21
Completed 200 OK in 2ms (Views: 0.6ms | ActiveRecord: 0.2ms)


Started DELETE "/users/2" for ::1 at 2021-03-31 14:54:16 -0400
Processing by UsersController#destroy as */*
  Parameters: {"some_category"=>{"a_key"=>"another value", "a_second_key"=>"yet another value", "inner_inner_hash"=>{"key"=>"value"}}, "something_else"=>"ahhhhhh", "id"=>"2"}
  [1m[36mUser Load (0.2ms)[0m  [1m[34mSELECT  "users".* FROM "users" WHERE "users"."id" = $1 LIMIT $2[0m  [["id", 2], ["LIMIT", 1]]
  ↳ app/controllers/users_controller.rb:36
  [1m[35m (0.1ms)[0m  [1m[35mBEGIN[0m
  ↳ app/controllers/users_controller.rb:37
  [1m[36mUser Destroy (0.2ms)[0m  [1m[31mDELETE FROM "users" WHERE "users"."id" = $1[0m  [["id", 2]]
  ↳ app/controllers/users_controller.rb:37
  [1m[35m (0.3ms)[0m  [1m[35mCOMMIT[0m
  ↳ app/controllers/users_controller.rb:37
Redirected to http://localhost:3000/users
Completed 302 Found in 5ms (ActiveRecord: 0.9ms)


Started GET "/users" for ::1 at 2021-03-31 14:54:16 -0400
Processing by UsersController#index as */*
  [1m[36mUser Load (0.2ms)[0m  [1m[34mSELECT "users".* FROM "users"[0m
  ↳ app/controllers/users_controller.rb:5
Completed 200 OK in 3ms (Views: 2.1ms | ActiveRecord: 0.2ms)


  [1m[35m (464.5ms)[0m  [1m[35mCREATE DATABASE "first_routes_controllers_development" ENCODING = 'unicode'[0m
  ↳ bin/rails:9
  [1m[35m (209.2ms)[0m  [1m[35mCREATE DATABASE "first_routes_controllers_test" ENCODING = 'unicode'[0m
  ↳ bin/rails:9
  [1m[35m (12.1ms)[0m  [1m[35mCREATE TABLE "schema_migrations" ("version" character varying NOT NULL PRIMARY KEY)[0m
  ↳ bin/rails:9
  [1m[35m (13.2ms)[0m  [1m[35mCREATE TABLE "ar_internal_metadata" ("key" character varying NOT NULL PRIMARY KEY, "value" character varying, "created_at" timestamp NOT NULL, "updated_at" timestamp NOT NULL)[0m
  ↳ bin/rails:9
  [1m[35m (0.6ms)[0m  [1m[34mSELECT pg_try_advisory_lock(8351843619101397030)[0m
  ↳ bin/rails:9
  [1m[35m (3.0ms)[0m  [1m[34mSELECT "schema_migrations"."version" FROM "schema_migrations" ORDER BY "schema_migrations"."version" ASC[0m
  ↳ bin/rails:9
Migrating to CreateUser (20210331183749)
  [1m[35m (0.5ms)[0m  [1m[35mBEGIN[0m
  ↳ bin/rails:9
  [1m[35m (16.4ms)[0m  [1m[35mCREATE TABLE "users" ("id" bigserial primary key, "name" character varying NOT NULL, "email" character varying NOT NULL, "created_at" timestamp NOT NULL, "updated_at" timestamp NOT NULL)[0m
  ↳ db/migrate/20210331183749_create_user.rb:3
  [1m[36mActiveRecord::SchemaMigration Create (1.8ms)[0m  [1m[32mINSERT INTO "schema_migrations" ("version") VALUES ($1) RETURNING "version"[0m  [["version", "20210331183749"]]
  ↳ bin/rails:9
  [1m[35m (6.4ms)[0m  [1m[35mCOMMIT[0m
  ↳ bin/rails:9
Migrating to EditUsers (20210331190151)
  [1m[35m (1.3ms)[0m  [1m[35mBEGIN[0m
  ↳ bin/rails:9
  [1m[35m (2.3ms)[0m  [1m[35mALTER TABLE "users" RENAME COLUMN "name" TO "username"[0m
  ↳ db/migrate/20210331190151_edit_users.rb:3
  [1m[35m (1.7ms)[0m  [1m[35mALTER TABLE "users" DROP COLUMN "email"[0m
  ↳ db/migrate/20210331190151_edit_users.rb:4
  [1m[35m (0.6ms)[0m  [1m[31mROLLBACK[0m
  ↳ bin/rails:9
  [1m[35m (0.6ms)[0m  [1m[34mSELECT pg_advisory_unlock(8351843619101397030)[0m
  ↳ bin/rails:9
  [1m[35m (2.0ms)[0m  [1m[34mSELECT pg_try_advisory_lock(8351843619101397030)[0m
  ↳ bin/rails:9
  [1m[35m (1.1ms)[0m  [1m[34mSELECT "schema_migrations"."version" FROM "schema_migrations" ORDER BY "schema_migrations"."version" ASC[0m
  ↳ bin/rails:9
Migrating to EditUsers (20210331190151)
  [1m[35m (0.4ms)[0m  [1m[35mBEGIN[0m
  ↳ bin/rails:9
  [1m[35m (0.6ms)[0m  [1m[35mALTER TABLE "users" RENAME COLUMN "name" TO "username"[0m
  ↳ db/migrate/20210331190151_edit_users.rb:3
  [1m[35m (0.9ms)[0m  [1m[35mALTER TABLE "users" DROP COLUMN "email"[0m
  ↳ db/migrate/20210331190151_edit_users.rb:4
  [1m[35m (4.1ms)[0m  [1m[35mCREATE UNIQUE INDEX  "index_users_on_username" ON "users"  ("username")[0m
  ↳ db/migrate/20210331190151_edit_users.rb:5
  [1m[36mActiveRecord::SchemaMigration Create (1.7ms)[0m  [1m[32mINSERT INTO "schema_migrations" ("version") VALUES ($1) RETURNING "version"[0m  [["version", "20210331190151"]]
  ↳ bin/rails:9
  [1m[35m (4.1ms)[0m  [1m[35mCOMMIT[0m
  ↳ bin/rails:9
  [1m[36mActiveRecord::InternalMetadata Load (1.3ms)[0m  [1m[34mSELECT  "ar_internal_metadata".* FROM "ar_internal_metadata" WHERE "ar_internal_metadata"."key" = $1 LIMIT $2[0m  [["key", "environment"], ["LIMIT", 1]]
  ↳ bin/rails:9
  [1m[35m (0.4ms)[0m  [1m[35mBEGIN[0m
  ↳ bin/rails:9
  [1m[36mActiveRecord::InternalMetadata Create (1.4ms)[0m  [1m[32mINSERT INTO "ar_internal_metadata" ("key", "value", "created_at", "updated_at") VALUES ($1, $2, $3, $4) RETURNING "key"[0m  [["key", "environment"], ["value", "development"], ["created_at", "2021-03-31 19:05:21.024492"], ["updated_at", "2021-03-31 19:05:21.024492"]]
  ↳ bin/rails:9
  [1m[35m (2.6ms)[0m  [1m[35mCOMMIT[0m
  ↳ bin/rails:9
  [1m[35m (1.9ms)[0m  [1m[34mSELECT pg_advisory_unlock(8351843619101397030)[0m
  ↳ bin/rails:9
  [1m[35m (0.9ms)[0m  [1m[34mSELECT "schema_migrations"."version" FROM "schema_migrations" ORDER BY "schema_migrations"."version" ASC[0m
  ↳ bin/rails:9
  [1m[35m (0.3ms)[0m  [1m[35mBEGIN[0m
  [1m[36mUser Exists (2.3ms)[0m  [1m[34mSELECT  1 AS one FROM "users" WHERE "users"."username" = $1 LIMIT $2[0m  [["username", "danielwu1"], ["LIMIT", 1]]
  [1m[36mUser Create (1.7ms)[0m  [1m[32mINSERT INTO "users" ("username", "created_at", "updated_at") VALUES ($1, $2, $3) RETURNING "id"[0m  [["username", "danielwu1"], ["created_at", "2021-03-31 19:06:28.503366"], ["updated_at", "2021-03-31 19:06:28.503366"]]
  [1m[35m (5.8ms)[0m  [1m[35mCOMMIT[0m
  [1m[35m (0.7ms)[0m  [1m[35mBEGIN[0m
  [1m[36mUser Exists (0.6ms)[0m  [1m[34mSELECT  1 AS one FROM "users" WHERE "users"."username" = $1 LIMIT $2[0m  [["username", "danielwu1"], ["LIMIT", 1]]
  [1m[35m (0.5ms)[0m  [1m[31mROLLBACK[0m
  [1m[35m (1.6ms)[0m  [1m[34mSELECT pg_try_advisory_lock(8351843619101397030)[0m
  ↳ bin/rails:9
  [1m[35m (1.5ms)[0m  [1m[34mSELECT "schema_migrations"."version" FROM "schema_migrations" ORDER BY "schema_migrations"."version" ASC[0m
  ↳ bin/rails:9
Migrating to CreateArtworks (20210331190709)
  [1m[35m (0.4ms)[0m  [1m[35mBEGIN[0m
  ↳ bin/rails:9
  [1m[35m (12.9ms)[0m  [1m[35mCREATE TABLE "artworks" ("id" bigserial primary key, "title" character varying NOT NULL, "image_url" character varying NOT NULL, "artist_id" integer NOT NULL, "created_at" timestamp NOT NULL, "updated_at" timestamp NOT NULL)[0m
  ↳ db/migrate/20210331190709_create_artworks.rb:3
  [1m[35m (12.9ms)[0m  [1m[35mCREATE UNIQUE INDEX  "index_artworks_on_artist_id_and_title" ON "artworks"  ("artist_id", "title")[0m
  ↳ db/migrate/20210331190709_create_artworks.rb:9
  [1m[35m (7.4ms)[0m  [1m[35mCREATE  INDEX  "index_artworks_on_artist_id" ON "artworks"  ("artist_id")[0m
  ↳ db/migrate/20210331190709_create_artworks.rb:10
  [1m[36mActiveRecord::SchemaMigration Create (1.6ms)[0m  [1m[32mINSERT INTO "schema_migrations" ("version") VALUES ($1) RETURNING "version"[0m  [["version", "20210331190709"]]
  ↳ bin/rails:9
  [1m[35m (1.9ms)[0m  [1m[35mCOMMIT[0m
  ↳ bin/rails:9
  [1m[36mActiveRecord::InternalMetadata Load (0.5ms)[0m  [1m[34mSELECT  "ar_internal_metadata".* FROM "ar_internal_metadata" WHERE "ar_internal_metadata"."key" = $1 LIMIT $2[0m  [["key", "environment"], ["LIMIT", 1]]
  ↳ bin/rails:9
  [1m[35m (0.3ms)[0m  [1m[35mBEGIN[0m
  ↳ bin/rails:9
  [1m[35m (0.3ms)[0m  [1m[35mCOMMIT[0m
  ↳ bin/rails:9
  [1m[35m (0.4ms)[0m  [1m[34mSELECT pg_advisory_unlock(8351843619101397030)[0m
  ↳ bin/rails:9
  [1m[35m (0.5ms)[0m  [1m[34mSELECT "schema_migrations"."version" FROM "schema_migrations" ORDER BY "schema_migrations"."version" ASC[0m
  ↳ bin/rails:9
  [1m[35m (0.2ms)[0m  [1m[34mSELECT pg_try_advisory_lock(8351843619101397030)[0m
  ↳ bin/rails:9
  [1m[35m (0.9ms)[0m  [1m[34mSELECT "schema_migrations"."version" FROM "schema_migrations" ORDER BY "schema_migrations"."version" ASC[0m
  ↳ bin/rails:9
Migrating to EditUsers (20210331190151)
  [1m[35m (0.1ms)[0m  [1m[35mBEGIN[0m
  ↳ bin/rails:9
  [1m[35m (3.7ms)[0m  [1m[35mALTER TABLE "users" RENAME COLUMN "name" TO "username"[0m
  ↳ db/migrate/20210331190151_edit_users.rb:3
  [1m[35m (2.3ms)[0m  [1m[35mALTER TABLE "users" DROP COLUMN "email"[0m
  ↳ db/migrate/20210331190151_edit_users.rb:4
  [1m[35m (12.1ms)[0m  [1m[35mCREATE UNIQUE INDEX  "index_users_on_username" ON "users"  ("username")[0m
  ↳ db/migrate/20210331190151_edit_users.rb:5
  [1m[35m (0.2ms)[0m  [1m[31mROLLBACK[0m
  ↳ bin/rails:9
  [1m[35m (0.2ms)[0m  [1m[34mSELECT pg_advisory_unlock(8351843619101397030)[0m
  ↳ bin/rails:9
  [1m[35m (0.6ms)[0m  [1m[34mSELECT pg_try_advisory_lock(8351843619101397030)[0m
  ↳ bin/rails:9
  [1m[35m (2.2ms)[0m  [1m[34mSELECT "schema_migrations"."version" FROM "schema_migrations" ORDER BY "schema_migrations"."version" ASC[0m
  ↳ bin/rails:9
Migrating to CreateArtworkShares (20210331193706)
  [1m[35m (0.3ms)[0m  [1m[35mBEGIN[0m
  ↳ bin/rails:9
  [1m[35m (16.4ms)[0m  [1m[35mCREATE TABLE "artwork_shares" ("id" bigserial primary key, "artwork_id" integer NOT NULL, "viewer_id" integer NOT NULL, "created_at" timestamp NOT NULL, "updated_at" timestamp NOT NULL)[0m
  ↳ db/migrate/20210331193706_create_artwork_shares.rb:3
  [1m[35m (8.5ms)[0m  [1m[35mCREATE UNIQUE INDEX  "index_artwork_shares_on_artwork_id_and_viewer_id" ON "artwork_shares"  ("artwork_id", "viewer_id")[0m
  ↳ db/migrate/20210331193706_create_artwork_shares.rb:8
  [1m[35m (8.2ms)[0m  [1m[35mCREATE  INDEX  "index_artwork_shares_on_artwork_id" ON "artwork_shares"  ("artwork_id")[0m
  ↳ db/migrate/20210331193706_create_artwork_shares.rb:9
  [1m[35m (3.0ms)[0m  [1m[35mCREATE  INDEX  "index_artwork_shares_on_viewer_id" ON "artwork_shares"  ("viewer_id")[0m
  ↳ db/migrate/20210331193706_create_artwork_shares.rb:10
  [1m[36mActiveRecord::SchemaMigration Create (0.5ms)[0m  [1m[32mINSERT INTO "schema_migrations" ("version") VALUES ($1) RETURNING "version"[0m  [["version", "20210331193706"]]
  ↳ bin/rails:9
  [1m[35m (1.5ms)[0m  [1m[35mCOMMIT[0m
  ↳ bin/rails:9
  [1m[36mActiveRecord::InternalMetadata Load (0.4ms)[0m  [1m[34mSELECT  "ar_internal_metadata".* FROM "ar_internal_metadata" WHERE "ar_internal_metadata"."key" = $1 LIMIT $2[0m  [["key", "environment"], ["LIMIT", 1]]
  ↳ bin/rails:9
  [1m[35m (0.2ms)[0m  [1m[35mBEGIN[0m
  ↳ bin/rails:9
  [1m[35m (0.5ms)[0m  [1m[35mCOMMIT[0m
  ↳ bin/rails:9
  [1m[35m (0.7ms)[0m  [1m[34mSELECT pg_advisory_unlock(8351843619101397030)[0m
  ↳ bin/rails:9
  [1m[35m (0.7ms)[0m  [1m[34mSELECT "schema_migrations"."version" FROM "schema_migrations" ORDER BY "schema_migrations"."version" ASC[0m
  ↳ bin/rails:9
  [1m[35m (0.9ms)[0m  [1m[34mSELECT "schema_migrations"."version" FROM "schema_migrations" ORDER BY "schema_migrations"."version" ASC[0m
  ↳ bin/rails:9
  [1m[35m (0.2ms)[0m  [1m[34mSELECT pg_try_advisory_lock(8351843619101397030)[0m
  ↳ bin/rails:9
  [1m[35m (1.0ms)[0m  [1m[34mSELECT "schema_migrations"."version" FROM "schema_migrations" ORDER BY "schema_migrations"."version" ASC[0m
  ↳ bin/rails:9
Migrating to EditUsers (20210331190151)
  [1m[35m (0.1ms)[0m  [1m[35mBEGIN[0m
  ↳ bin/rails:9
  [1m[35m (0.3ms)[0m  [1m[35mALTER TABLE "users" RENAME COLUMN "name" TO "username"[0m
  ↳ db/migrate/20210331190151_edit_users.rb:3
  [1m[35m (0.4ms)[0m  [1m[35mALTER TABLE "users" DROP COLUMN "email"[0m
  ↳ db/migrate/20210331190151_edit_users.rb:4
  [1m[35m (9.8ms)[0m  [1m[35mCREATE UNIQUE INDEX  "index_users_on_username" ON "users"  ("username")[0m
  ↳ db/migrate/20210331190151_edit_users.rb:5
  [1m[35m (0.1ms)[0m  [1m[31mROLLBACK[0m
  ↳ bin/rails:9
  [1m[35m (0.2ms)[0m  [1m[34mSELECT pg_advisory_unlock(8351843619101397030)[0m
  ↳ bin/rails:9
  [1m[35m (0.4ms)[0m  [1m[34mSELECT pg_try_advisory_lock(8351843619101397030)[0m
  ↳ bin/rails:9
  [1m[35m (0.8ms)[0m  [1m[34mSELECT "schema_migrations"."version" FROM "schema_migrations" ORDER BY "schema_migrations"."version" ASC[0m
  ↳ bin/rails:9
  [1m[36mActiveRecord::InternalMetadata Load (0.8ms)[0m  [1m[34mSELECT  "ar_internal_metadata".* FROM "ar_internal_metadata" WHERE "ar_internal_metadata"."key" = $1 LIMIT $2[0m  [["key", "environment"], ["LIMIT", 1]]
  ↳ bin/rails:9
  [1m[35m (0.2ms)[0m  [1m[35mBEGIN[0m
  ↳ bin/rails:9
  [1m[35m (0.3ms)[0m  [1m[35mCOMMIT[0m
  ↳ bin/rails:9
  [1m[35m (0.4ms)[0m  [1m[34mSELECT pg_advisory_unlock(8351843619101397030)[0m
  ↳ bin/rails:9
  [1m[35m (0.4ms)[0m  [1m[34mSELECT "schema_migrations"."version" FROM "schema_migrations" ORDER BY "schema_migrations"."version" ASC[0m
  ↳ bin/rails:9
  [1m[35m (1.2ms)[0m  [1m[34mSELECT "schema_migrations"."version" FROM "schema_migrations" ORDER BY "schema_migrations"."version" ASC[0m
  ↳ bin/rails:9
  [1m[35m (0.8ms)[0m  [1m[34mSELECT "schema_migrations"."version" FROM "schema_migrations" ORDER BY "schema_migrations"."version" ASC[0m
  ↳ bin/rails:9
  [1m[35m (0.3ms)[0m  [1m[35mBEGIN[0m
  ↳ db/seeds.rb:9
  [1m[36mArtwork Destroy (1.6ms)[0m  [1m[31mDELETE FROM "artworks"[0m
  ↳ db/seeds.rb:10
  [1m[36mUser Destroy (1.7ms)[0m  [1m[31mDELETE FROM "users"[0m
  ↳ db/seeds.rb:11
  [1m[36mArtworkShare Destroy (5.4ms)[0m  [1m[31mDELETE FROM "artwork_shares"[0m
  ↳ db/seeds.rb:12
  [1m[36mUser Exists (1.2ms)[0m  [1m[34mSELECT  1 AS one FROM "users" WHERE "users"."username" = $1 LIMIT $2[0m  [["username", "danielwu1"], ["LIMIT", 1]]
  ↳ db/seeds.rb:14
  [1m[36mUser Create (1.1ms)[0m  [1m[32mINSERT INTO "users" ("id", "username", "created_at", "updated_at") VALUES ($1, $2, $3, $4) RETURNING "id"[0m  [["id", 1], ["username", "danielwu1"], ["created_at", "2021-03-31 20:30:28.608307"], ["updated_at", "2021-03-31 20:30:28.608307"]]
  ↳ db/seeds.rb:14
  [1m[36mUser Exists (1.7ms)[0m  [1m[34mSELECT  1 AS one FROM "users" WHERE "users"."username" = $1 LIMIT $2[0m  [["username", "jaewooklim"], ["LIMIT", 1]]
  ↳ db/seeds.rb:19
  [1m[36mUser Create (1.7ms)[0m  [1m[32mINSERT INTO "users" ("id", "username", "created_at", "updated_at") VALUES ($1, $2, $3, $4) RETURNING "id"[0m  [["id", 2], ["username", "jaewooklim"], ["created_at", "2021-03-31 20:30:28.616183"], ["updated_at", "2021-03-31 20:30:28.616183"]]
  ↳ db/seeds.rb:19
  [1m[36mUser Exists (1.5ms)[0m  [1m[34mSELECT  1 AS one FROM "users" WHERE "users"."username" = $1 LIMIT $2[0m  [["username", "aracho"], ["LIMIT", 1]]
  ↳ db/seeds.rb:24
  [1m[36mUser Create (1.1ms)[0m  [1m[32mINSERT INTO "users" ("id", "username", "created_at", "updated_at") VALUES ($1, $2, $3, $4) RETURNING "id"[0m  [["id", 3], ["username", "aracho"], ["created_at", "2021-03-31 20:30:28.626448"], ["updated_at", "2021-03-31 20:30:28.626448"]]
  ↳ db/seeds.rb:24
  [1m[36mUser Exists (0.6ms)[0m  [1m[34mSELECT  1 AS one FROM "users" WHERE "users"."username" = $1 LIMIT $2[0m  [["username", "danielgorter"], ["LIMIT", 1]]
  ↳ db/seeds.rb:29
  [1m[36mUser Create (0.6ms)[0m  [1m[32mINSERT INTO "users" ("id", "username", "created_at", "updated_at") VALUES ($1, $2, $3, $4) RETURNING "id"[0m  [["id", 4], ["username", "danielgorter"], ["created_at", "2021-03-31 20:30:28.634860"], ["updated_at", "2021-03-31 20:30:28.634860"]]
  ↳ db/seeds.rb:29
  [1m[36mUser Exists (0.6ms)[0m  [1m[34mSELECT  1 AS one FROM "users" WHERE "users"."username" = $1 LIMIT $2[0m  [["username", "meganmcnulty"], ["LIMIT", 1]]
  ↳ db/seeds.rb:34
  [1m[36mUser Create (0.5ms)[0m  [1m[32mINSERT INTO "users" ("id", "username", "created_at", "updated_at") VALUES ($1, $2, $3, $4) RETURNING "id"[0m  [["id", 5], ["username", "meganmcnulty"], ["created_at", "2021-03-31 20:30:28.639721"], ["updated_at", "2021-03-31 20:30:28.639721"]]
  ↳ db/seeds.rb:34
  [1m[36mArtwork Exists (1.4ms)[0m  [1m[34mSELECT  1 AS one FROM "artworks" WHERE "artworks"."artist_id" = $1 AND "artworks"."title" = $2 LIMIT $3[0m  [["artist_id", 1], ["title", "starry night"], ["LIMIT", 1]]
  ↳ db/seeds.rb:39
  [1m[36mUser Load (0.6ms)[0m  [1m[34mSELECT  "users".* FROM "users" WHERE "users"."id" = $1 LIMIT $2[0m  [["id", 1], ["LIMIT", 1]]
  ↳ db/seeds.rb:39
  [1m[36mArtwork Create (5.0ms)[0m  [1m[32mINSERT INTO "artworks" ("title", "image_url", "artist_id", "created_at", "updated_at") VALUES ($1, $2, $3, $4, $5) RETURNING "id"[0m  [["title", "starry night"], ["image_url", "www.starrynight.com"], ["artist_id", 1], ["created_at", "2021-03-31 20:30:28.677020"], ["updated_at", "2021-03-31 20:30:28.677020"]]
  ↳ db/seeds.rb:39
  [1m[36mArtwork Exists (1.2ms)[0m  [1m[34mSELECT  1 AS one FROM "artworks" WHERE "artworks"."artist_id" = $1 AND "artworks"."title" = $2 LIMIT $3[0m  [["artist_id", 1], ["title", "blurry night"], ["LIMIT", 1]]
  ↳ db/seeds.rb:45
  [1m[36mUser Load (0.5ms)[0m  [1m[34mSELECT  "users".* FROM "users" WHERE "users"."id" = $1 LIMIT $2[0m  [["id", 1], ["LIMIT", 1]]
  ↳ db/seeds.rb:45
  [1m[36mArtwork Create (1.3ms)[0m  [1m[32mINSERT INTO "artworks" ("title", "image_url", "artist_id", "created_at", "updated_at") VALUES ($1, $2, $3, $4, $5) RETURNING "id"[0m  [["title", "blurry night"], ["image_url", "www.blurrynight.com"], ["artist_id", 1], ["created_at", "2021-03-31 20:30:28.690968"], ["updated_at", "2021-03-31 20:30:28.690968"]]
  ↳ db/seeds.rb:45
  [1m[36mArtwork Exists (0.5ms)[0m  [1m[34mSELECT  1 AS one FROM "artworks" WHERE "artworks"."artist_id" = $1 AND "artworks"."title" = $2 LIMIT $3[0m  [["artist_id", 1], ["title", "nightly night"], ["LIMIT", 1]]
  ↳ db/seeds.rb:51
  [1m[36mUser Load (0.4ms)[0m  [1m[34mSELECT  "users".* FROM "users" WHERE "users"."id" = $1 LIMIT $2[0m  [["id", 1], ["LIMIT", 1]]
  ↳ db/seeds.rb:51
  [1m[36mArtwork Create (0.6ms)[0m  [1m[32mINSERT INTO "artworks" ("title", "image_url", "artist_id", "created_at", "updated_at") VALUES ($1, $2, $3, $4, $5) RETURNING "id"[0m  [["title", "nightly night"], ["image_url", "www.nightlynight.com"], ["artist_id", 1], ["created_at", "2021-03-31 20:30:28.698230"], ["updated_at", "2021-03-31 20:30:28.698230"]]
  ↳ db/seeds.rb:51
  [1m[36mArtwork Exists (0.4ms)[0m  [1m[34mSELECT  1 AS one FROM "artworks" WHERE "artworks"."artist_id" = $1 AND "artworks"."title" = $2 LIMIT $3[0m  [["artist_id", 2], ["title", "starry night"], ["LIMIT", 1]]
  ↳ db/seeds.rb:57
  [1m[36mUser Load (0.4ms)[0m  [1m[34mSELECT  "users".* FROM "users" WHERE "users"."id" = $1 LIMIT $2[0m  [["id", 2], ["LIMIT", 1]]
  ↳ db/seeds.rb:57
  [1m[36mArtwork Create (0.5ms)[0m  [1m[32mINSERT INTO "artworks" ("title", "image_url", "artist_id", "created_at", "updated_at") VALUES ($1, $2, $3, $4, $5) RETURNING "id"[0m  [["title", "starry night"], ["image_url", "www.starrynighttwo.com"], ["artist_id", 2], ["created_at", "2021-03-31 20:30:28.703529"], ["updated_at", "2021-03-31 20:30:28.703529"]]
  ↳ db/seeds.rb:57
  [1m[35m (0.3ms)[0m  [1m[31mROLLBACK[0m
  ↳ db/seeds.rb:9
  [1m[35m (0.8ms)[0m  [1m[34mSELECT "schema_migrations"."version" FROM "schema_migrations" ORDER BY "schema_migrations"."version" ASC[0m
  ↳ bin/rails:9
  [1m[35m (0.3ms)[0m  [1m[35mBEGIN[0m
  ↳ db/seeds.rb:9
  [1m[36mArtwork Destroy (3.4ms)[0m  [1m[31mDELETE FROM "artworks"[0m
  ↳ db/seeds.rb:10
  [1m[36mUser Destroy (0.7ms)[0m  [1m[31mDELETE FROM "users"[0m
  ↳ db/seeds.rb:11
  [1m[36mArtworkShare Destroy (1.0ms)[0m  [1m[31mDELETE FROM "artwork_shares"[0m
  ↳ db/seeds.rb:12
  [1m[36mUser Exists (0.7ms)[0m  [1m[34mSELECT  1 AS one FROM "users" WHERE "users"."username" = $1 LIMIT $2[0m  [["username", "danielwu1"], ["LIMIT", 1]]
  ↳ db/seeds.rb:14
  [1m[36mUser Create (0.7ms)[0m  [1m[32mINSERT INTO "users" ("id", "username", "created_at", "updated_at") VALUES ($1, $2, $3, $4) RETURNING "id"[0m  [["id", 1], ["username", "danielwu1"], ["created_at", "2021-03-31 20:31:12.701769"], ["updated_at", "2021-03-31 20:31:12.701769"]]
  ↳ db/seeds.rb:14
  [1m[36mUser Exists (0.7ms)[0m  [1m[34mSELECT  1 AS one FROM "users" WHERE "users"."username" = $1 LIMIT $2[0m  [["username", "jaewooklim"], ["LIMIT", 1]]
  ↳ db/seeds.rb:19
  [1m[36mUser Create (0.5ms)[0m  [1m[32mINSERT INTO "users" ("id", "username", "created_at", "updated_at") VALUES ($1, $2, $3, $4) RETURNING "id"[0m  [["id", 2], ["username", "jaewooklim"], ["created_at", "2021-03-31 20:31:12.706639"], ["updated_at", "2021-03-31 20:31:12.706639"]]
  ↳ db/seeds.rb:19
  [1m[36mUser Exists (1.2ms)[0m  [1m[34mSELECT  1 AS one FROM "users" WHERE "users"."username" = $1 LIMIT $2[0m  [["username", "aracho"], ["LIMIT", 1]]
  ↳ db/seeds.rb:24
  [1m[36mUser Create (0.6ms)[0m  [1m[32mINSERT INTO "users" ("id", "username", "created_at", "updated_at") VALUES ($1, $2, $3, $4) RETURNING "id"[0m  [["id", 3], ["username", "aracho"], ["created_at", "2021-03-31 20:31:12.711395"], ["updated_at", "2021-03-31 20:31:12.711395"]]
  ↳ db/seeds.rb:24
  [1m[36mUser Exists (0.6ms)[0m  [1m[34mSELECT  1 AS one FROM "users" WHERE "users"."username" = $1 LIMIT $2[0m  [["username", "danielgorter"], ["LIMIT", 1]]
  ↳ db/seeds.rb:29
  [1m[36mUser Create (0.7ms)[0m  [1m[32mINSERT INTO "users" ("id", "username", "created_at", "updated_at") VALUES ($1, $2, $3, $4) RETURNING "id"[0m  [["id", 4], ["username", "danielgorter"], ["created_at", "2021-03-31 20:31:12.715567"], ["updated_at", "2021-03-31 20:31:12.715567"]]
  ↳ db/seeds.rb:29
  [1m[36mUser Exists (0.5ms)[0m  [1m[34mSELECT  1 AS one FROM "users" WHERE "users"."username" = $1 LIMIT $2[0m  [["username", "meganmcnulty"], ["LIMIT", 1]]
  ↳ db/seeds.rb:34
  [1m[36mUser Create (0.6ms)[0m  [1m[32mINSERT INTO "users" ("id", "username", "created_at", "updated_at") VALUES ($1, $2, $3, $4) RETURNING "id"[0m  [["id", 5], ["username", "meganmcnulty"], ["created_at", "2021-03-31 20:31:12.720359"], ["updated_at", "2021-03-31 20:31:12.720359"]]
  ↳ db/seeds.rb:34
  [1m[36mArtwork Exists (1.5ms)[0m  [1m[34mSELECT  1 AS one FROM "artworks" WHERE "artworks"."artist_id" = $1 AND "artworks"."title" = $2 LIMIT $3[0m  [["artist_id", 1], ["title", "starry night"], ["LIMIT", 1]]
  ↳ db/seeds.rb:39
  [1m[36mUser Load (0.7ms)[0m  [1m[34mSELECT  "users".* FROM "users" WHERE "users"."id" = $1 LIMIT $2[0m  [["id", 1], ["LIMIT", 1]]
  ↳ db/seeds.rb:39
  [1m[36mArtwork Create (0.7ms)[0m  [1m[32mINSERT INTO "artworks" ("title", "image_url", "artist_id", "created_at", "updated_at") VALUES ($1, $2, $3, $4, $5) RETURNING "id"[0m  [["title", "starry night"], ["image_url", "www.starrynight.com"], ["artist_id", 1], ["created_at", "2021-03-31 20:31:12.763961"], ["updated_at", "2021-03-31 20:31:12.763961"]]
  ↳ db/seeds.rb:39
  [1m[36mArtwork Exists (0.8ms)[0m  [1m[34mSELECT  1 AS one FROM "artworks" WHERE "artworks"."artist_id" = $1 AND "artworks"."title" = $2 LIMIT $3[0m  [["artist_id", 1], ["title", "blurry night"], ["LIMIT", 1]]
  ↳ db/seeds.rb:45
  [1m[36mUser Load (1.7ms)[0m  [1m[34mSELECT  "users".* FROM "users" WHERE "users"."id" = $1 LIMIT $2[0m  [["id", 1], ["LIMIT", 1]]
  ↳ db/seeds.rb:45
  [1m[36mArtwork Create (0.7ms)[0m  [1m[32mINSERT INTO "artworks" ("title", "image_url", "artist_id", "created_at", "updated_at") VALUES ($1, $2, $3, $4, $5) RETURNING "id"[0m  [["title", "blurry night"], ["image_url", "www.blurrynight.com"], ["artist_id", 1], ["created_at", "2021-03-31 20:31:12.775146"], ["updated_at", "2021-03-31 20:31:12.775146"]]
  ↳ db/seeds.rb:45
  [1m[36mArtwork Exists (1.2ms)[0m  [1m[34mSELECT  1 AS one FROM "artworks" WHERE "artworks"."artist_id" = $1 AND "artworks"."title" = $2 LIMIT $3[0m  [["artist_id", 1], ["title", "nightly night"], ["LIMIT", 1]]
  ↳ db/seeds.rb:51
  [1m[36mUser Load (1.1ms)[0m  [1m[34mSELECT  "users".* FROM "users" WHERE "users"."id" = $1 LIMIT $2[0m  [["id", 1], ["LIMIT", 1]]
  ↳ db/seeds.rb:51
  [1m[36mArtwork Create (1.4ms)[0m  [1m[32mINSERT INTO "artworks" ("title", "image_url", "artist_id", "created_at", "updated_at") VALUES ($1, $2, $3, $4, $5) RETURNING "id"[0m  [["title", "nightly night"], ["image_url", "www.nightlynight.com"], ["artist_id", 1], ["created_at", "2021-03-31 20:31:12.786325"], ["updated_at", "2021-03-31 20:31:12.786325"]]
  ↳ db/seeds.rb:51
  [1m[36mArtwork Exists (1.8ms)[0m  [1m[34mSELECT  1 AS one FROM "artworks" WHERE "artworks"."artist_id" = $1 AND "artworks"."title" = $2 LIMIT $3[0m  [["artist_id", 2], ["title", "starry night"], ["LIMIT", 1]]
  ↳ db/seeds.rb:57
  [1m[36mUser Load (0.4ms)[0m  [1m[34mSELECT  "users".* FROM "users" WHERE "users"."id" = $1 LIMIT $2[0m  [["id", 2], ["LIMIT", 1]]
  ↳ db/seeds.rb:57
  [1m[36mArtwork Create (0.7ms)[0m  [1m[32mINSERT INTO "artworks" ("title", "image_url", "artist_id", "created_at", "updated_at") VALUES ($1, $2, $3, $4, $5) RETURNING "id"[0m  [["title", "starry night"], ["image_url", "www.starrynighttwo.com"], ["artist_id", 2], ["created_at", "2021-03-31 20:31:12.800448"], ["updated_at", "2021-03-31 20:31:12.800448"]]
  ↳ db/seeds.rb:57
  [1m[36mArtworkShare Exists (1.1ms)[0m  [1m[34mSELECT  1 AS one FROM "artwork_shares" WHERE "artwork_shares"."artwork_id" = $1 AND "artwork_shares"."viewer_id" = $2 LIMIT $3[0m  [["artwork_id", 1], ["viewer_id", 3], ["LIMIT", 1]]
  ↳ db/seeds.rb:63
  [1m[36mArtwork Load (1.5ms)[0m  [1m[34mSELECT  "artworks".* FROM "artworks" WHERE "artworks"."id" = $1 LIMIT $2[0m  [["id", 1], ["LIMIT", 1]]
  ↳ db/seeds.rb:63
  [1m[36mUser Load (0.8ms)[0m  [1m[34mSELECT  "users".* FROM "users" WHERE "users"."id" = $1 LIMIT $2[0m  [["id", 3], ["LIMIT", 1]]
  ↳ db/seeds.rb:63
  [1m[36mArtworkShare Exists (0.5ms)[0m  [1m[34mSELECT  1 AS one FROM "artwork_shares" WHERE "artwork_shares"."artwork_id" = $1 AND "artwork_shares"."viewer_id" = $2 LIMIT $3[0m  [["artwork_id", 1], ["viewer_id", 4], ["LIMIT", 1]]
  ↳ db/seeds.rb:68
  [1m[36mArtwork Load (0.5ms)[0m  [1m[34mSELECT  "artworks".* FROM "artworks" WHERE "artworks"."id" = $1 LIMIT $2[0m  [["id", 1], ["LIMIT", 1]]
  ↳ db/seeds.rb:68
  [1m[36mUser Load (0.5ms)[0m  [1m[34mSELECT  "users".* FROM "users" WHERE "users"."id" = $1 LIMIT $2[0m  [["id", 4], ["LIMIT", 1]]
  ↳ db/seeds.rb:68
  [1m[36mArtworkShare Exists (0.9ms)[0m  [1m[34mSELECT  1 AS one FROM "artwork_shares" WHERE "artwork_shares"."artwork_id" = $1 AND "artwork_shares"."viewer_id" = $2 LIMIT $3[0m  [["artwork_id", 2], ["viewer_id", 5], ["LIMIT", 1]]
  ↳ db/seeds.rb:73
  [1m[36mArtwork Load (1.0ms)[0m  [1m[34mSELECT  "artworks".* FROM "artworks" WHERE "artworks"."id" = $1 LIMIT $2[0m  [["id", 2], ["LIMIT", 1]]
  ↳ db/seeds.rb:73
  [1m[36mUser Load (1.0ms)[0m  [1m[34mSELECT  "users".* FROM "users" WHERE "users"."id" = $1 LIMIT $2[0m  [["id", 5], ["LIMIT", 1]]
  ↳ db/seeds.rb:73
  [1m[36mArtworkShare Exists (1.3ms)[0m  [1m[34mSELECT  1 AS one FROM "artwork_shares" WHERE "artwork_shares"."artwork_id" = $1 AND "artwork_shares"."viewer_id" = $2 LIMIT $3[0m  [["artwork_id", 3], ["viewer_id", 3], ["LIMIT", 1]]
  ↳ db/seeds.rb:78
  [1m[36mArtwork Load (1.3ms)[0m  [1m[34mSELECT  "artworks".* FROM "artworks" WHERE "artworks"."id" = $1 LIMIT $2[0m  [["id", 3], ["LIMIT", 1]]
  ↳ db/seeds.rb:78
  [1m[36mUser Load (0.7ms)[0m  [1m[34mSELECT  "users".* FROM "users" WHERE "users"."id" = $1 LIMIT $2[0m  [["id", 3], ["LIMIT", 1]]
  ↳ db/seeds.rb:78
  [1m[36mArtworkShare Exists (0.5ms)[0m  [1m[34mSELECT  1 AS one FROM "artwork_shares" WHERE "artwork_shares"."artwork_id" = $1 AND "artwork_shares"."viewer_id" = $2 LIMIT $3[0m  [["artwork_id", 4], ["viewer_id", 4], ["LIMIT", 1]]
  ↳ db/seeds.rb:83
  [1m[36mArtwork Load (0.4ms)[0m  [1m[34mSELECT  "artworks".* FROM "artworks" WHERE "artworks"."id" = $1 LIMIT $2[0m  [["id", 4], ["LIMIT", 1]]
  ↳ db/seeds.rb:83
  [1m[36mUser Load (0.5ms)[0m  [1m[34mSELECT  "users".* FROM "users" WHERE "users"."id" = $1 LIMIT $2[0m  [["id", 4], ["LIMIT", 1]]
  ↳ db/seeds.rb:83
  [1m[35m (2.2ms)[0m  [1m[35mCOMMIT[0m
  ↳ db/seeds.rb:9
  [1m[36mUser Load (2.5ms)[0m  [1m[34mSELECT  "users".* FROM "users" ORDER BY "users"."id" ASC LIMIT $1[0m  [["LIMIT", 1]]
  [1m[36mArtwork Load (0.4ms)[0m  [1m[34mSELECT  "artworks".* FROM "artworks" ORDER BY "artworks"."id" ASC LIMIT $1[0m  [["LIMIT", 1]]
  [1m[36mArtwork Load (0.5ms)[0m  [1m[34mSELECT  "artworks".* FROM "artworks" ORDER BY "artworks"."id" ASC LIMIT $1 OFFSET $2[0m  [["LIMIT", 1], ["OFFSET", 1]]
  [1m[36mArtwork Load (0.5ms)[0m  [1m[34mSELECT  "artworks".* FROM "artworks" WHERE "artworks"."id" = $1 LIMIT $2[0m  [["id", 4], ["LIMIT", 1]]
  [1m[35m (3.5ms)[0m  [1m[34mSELECT "schema_migrations"."version" FROM "schema_migrations" ORDER BY "schema_migrations"."version" ASC[0m
  ↳ bin/rails:9
  [1m[35m (0.5ms)[0m  [1m[35mBEGIN[0m
  ↳ db/seeds.rb:9
  [1m[36mArtwork Destroy (0.7ms)[0m  [1m[31mDELETE FROM "artworks"[0m
  ↳ db/seeds.rb:10
  [1m[36mUser Destroy (2.5ms)[0m  [1m[31mDELETE FROM "users"[0m
  ↳ db/seeds.rb:11
  [1m[36mArtworkShare Destroy (2.2ms)[0m  [1m[31mDELETE FROM "artwork_shares"[0m
  ↳ db/seeds.rb:12
  [1m[36mUser Exists (0.8ms)[0m  [1m[34mSELECT  1 AS one FROM "users" WHERE "users"."username" = $1 LIMIT $2[0m  [["username", "danielwu1"], ["LIMIT", 1]]
  ↳ db/seeds.rb:14
  [1m[36mUser Create (0.9ms)[0m  [1m[32mINSERT INTO "users" ("username", "created_at", "updated_at") VALUES ($1, $2, $3) RETURNING "id"[0m  [["username", "danielwu1"], ["created_at", "2021-03-31 20:38:32.546014"], ["updated_at", "2021-03-31 20:38:32.546014"]]
  ↳ db/seeds.rb:14
  [1m[36mUser Exists (1.4ms)[0m  [1m[34mSELECT  1 AS one FROM "users" WHERE "users"."username" = $1 LIMIT $2[0m  [["username", "jaewooklim"], ["LIMIT", 1]]
  ↳ db/seeds.rb:18
  [1m[36mUser Create (0.8ms)[0m  [1m[32mINSERT INTO "users" ("username", "created_at", "updated_at") VALUES ($1, $2, $3) RETURNING "id"[0m  [["username", "jaewooklim"], ["created_at", "2021-03-31 20:38:32.554300"], ["updated_at", "2021-03-31 20:38:32.554300"]]
  ↳ db/seeds.rb:18
  [1m[36mUser Exists (0.5ms)[0m  [1m[34mSELECT  1 AS one FROM "users" WHERE "users"."username" = $1 LIMIT $2[0m  [["username", "aracho"], ["LIMIT", 1]]
  ↳ db/seeds.rb:22
  [1m[36mUser Create (0.9ms)[0m  [1m[32mINSERT INTO "users" ("username", "created_at", "updated_at") VALUES ($1, $2, $3) RETURNING "id"[0m  [["username", "aracho"], ["created_at", "2021-03-31 20:38:32.559317"], ["updated_at", "2021-03-31 20:38:32.559317"]]
  ↳ db/seeds.rb:22
  [1m[36mUser Exists (0.6ms)[0m  [1m[34mSELECT  1 AS one FROM "users" WHERE "users"."username" = $1 LIMIT $2[0m  [["username", "danielgorter"], ["LIMIT", 1]]
  ↳ db/seeds.rb:26
  [1m[36mUser Create (0.7ms)[0m  [1m[32mINSERT INTO "users" ("username", "created_at", "updated_at") VALUES ($1, $2, $3) RETURNING "id"[0m  [["username", "danielgorter"], ["created_at", "2021-03-31 20:38:32.564490"], ["updated_at", "2021-03-31 20:38:32.564490"]]
  ↳ db/seeds.rb:26
  [1m[36mUser Exists (0.6ms)[0m  [1m[34mSELECT  1 AS one FROM "users" WHERE "users"."username" = $1 LIMIT $2[0m  [["username", "meganmcnulty"], ["LIMIT", 1]]
  ↳ db/seeds.rb:30
  [1m[36mUser Create (1.6ms)[0m  [1m[32mINSERT INTO "users" ("username", "created_at", "updated_at") VALUES ($1, $2, $3) RETURNING "id"[0m  [["username", "meganmcnulty"], ["created_at", "2021-03-31 20:38:32.570605"], ["updated_at", "2021-03-31 20:38:32.570605"]]
  ↳ db/seeds.rb:30
  [1m[36mArtwork Exists (1.4ms)[0m  [1m[34mSELECT  1 AS one FROM "artworks" WHERE "artworks"."artist_id" = $1 AND "artworks"."title" = $2 LIMIT $3[0m  [["artist_id", 1], ["title", "starry night"], ["LIMIT", 1]]
  ↳ db/seeds.rb:34
  [1m[36mUser Load (0.3ms)[0m  [1m[34mSELECT  "users".* FROM "users" WHERE "users"."id" = $1 LIMIT $2[0m  [["id", 1], ["LIMIT", 1]]
  ↳ db/seeds.rb:34
  [1m[36mArtwork Exists (0.9ms)[0m  [1m[34mSELECT  1 AS one FROM "artworks" WHERE "artworks"."artist_id" = $1 AND "artworks"."title" = $2 LIMIT $3[0m  [["artist_id", 1], ["title", "blurry night"], ["LIMIT", 1]]
  ↳ db/seeds.rb:40
  [1m[36mUser Load (0.6ms)[0m  [1m[34mSELECT  "users".* FROM "users" WHERE "users"."id" = $1 LIMIT $2[0m  [["id", 1], ["LIMIT", 1]]
  ↳ db/seeds.rb:40
  [1m[36mArtwork Exists (0.5ms)[0m  [1m[34mSELECT  1 AS one FROM "artworks" WHERE "artworks"."artist_id" = $1 AND "artworks"."title" = $2 LIMIT $3[0m  [["artist_id", 1], ["title", "nightly night"], ["LIMIT", 1]]
  ↳ db/seeds.rb:46
  [1m[36mUser Load (0.4ms)[0m  [1m[34mSELECT  "users".* FROM "users" WHERE "users"."id" = $1 LIMIT $2[0m  [["id", 1], ["LIMIT", 1]]
  ↳ db/seeds.rb:46
  [1m[36mArtwork Exists (1.0ms)[0m  [1m[34mSELECT  1 AS one FROM "artworks" WHERE "artworks"."artist_id" = $1 AND "artworks"."title" = $2 LIMIT $3[0m  [["artist_id", 2], ["title", "starry night"], ["LIMIT", 1]]
  ↳ db/seeds.rb:52
  [1m[36mUser Load (0.7ms)[0m  [1m[34mSELECT  "users".* FROM "users" WHERE "users"."id" = $1 LIMIT $2[0m  [["id", 2], ["LIMIT", 1]]
  ↳ db/seeds.rb:52
  [1m[36mArtwork Create (1.0ms)[0m  [1m[32mINSERT INTO "artworks" ("title", "image_url", "artist_id", "created_at", "updated_at") VALUES ($1, $2, $3, $4, $5) RETURNING "id"[0m  [["title", "starry night"], ["image_url", "www.starrynighttwo.com"], ["artist_id", 2], ["created_at", "2021-03-31 20:38:32.640293"], ["updated_at", "2021-03-31 20:38:32.640293"]]
  ↳ db/seeds.rb:52
  [1m[36mArtworkShare Exists (1.1ms)[0m  [1m[34mSELECT  1 AS one FROM "artwork_shares" WHERE "artwork_shares"."artwork_id" = $1 AND "artwork_shares"."viewer_id" = $2 LIMIT $3[0m  [["artwork_id", 1], ["viewer_id", 3], ["LIMIT", 1]]
  ↳ db/seeds.rb:58
  [1m[36mArtwork Load (1.3ms)[0m  [1m[34mSELECT  "artworks".* FROM "artworks" WHERE "artworks"."id" = $1 LIMIT $2[0m  [["id", 1], ["LIMIT", 1]]
  ↳ db/seeds.rb:58
  [1m[36mUser Load (0.4ms)[0m  [1m[34mSELECT  "users".* FROM "users" WHERE "users"."id" = $1 LIMIT $2[0m  [["id", 3], ["LIMIT", 1]]
  ↳ db/seeds.rb:58
  [1m[36mArtworkShare Exists (0.6ms)[0m  [1m[34mSELECT  1 AS one FROM "artwork_shares" WHERE "artwork_shares"."artwork_id" = $1 AND "artwork_shares"."viewer_id" = $2 LIMIT $3[0m  [["artwork_id", 1], ["viewer_id", 4], ["LIMIT", 1]]
  ↳ db/seeds.rb:63
  [1m[36mArtwork Load (0.5ms)[0m  [1m[34mSELECT  "artworks".* FROM "artworks" WHERE "artworks"."id" = $1 LIMIT $2[0m  [["id", 1], ["LIMIT", 1]]
  ↳ db/seeds.rb:63
  [1m[36mUser Load (0.4ms)[0m  [1m[34mSELECT  "users".* FROM "users" WHERE "users"."id" = $1 LIMIT $2[0m  [["id", 4], ["LIMIT", 1]]
  ↳ db/seeds.rb:63
  [1m[36mArtworkShare Exists (0.6ms)[0m  [1m[34mSELECT  1 AS one FROM "artwork_shares" WHERE "artwork_shares"."artwork_id" = $1 AND "artwork_shares"."viewer_id" = $2 LIMIT $3[0m  [["artwork_id", 2], ["viewer_id", 5], ["LIMIT", 1]]
  ↳ db/seeds.rb:68
  [1m[36mArtwork Load (1.0ms)[0m  [1m[34mSELECT  "artworks".* FROM "artworks" WHERE "artworks"."id" = $1 LIMIT $2[0m  [["id", 2], ["LIMIT", 1]]
  ↳ db/seeds.rb:68
  [1m[36mUser Load (5.4ms)[0m  [1m[34mSELECT  "users".* FROM "users" WHERE "users"."id" = $1 LIMIT $2[0m  [["id", 5], ["LIMIT", 1]]
  ↳ db/seeds.rb:68
  [1m[36mArtworkShare Exists (1.6ms)[0m  [1m[34mSELECT  1 AS one FROM "artwork_shares" WHERE "artwork_shares"."artwork_id" = $1 AND "artwork_shares"."viewer_id" = $2 LIMIT $3[0m  [["artwork_id", 3], ["viewer_id", 3], ["LIMIT", 1]]
  ↳ db/seeds.rb:73
  [1m[36mArtwork Load (2.0ms)[0m  [1m[34mSELECT  "artworks".* FROM "artworks" WHERE "artworks"."id" = $1 LIMIT $2[0m  [["id", 3], ["LIMIT", 1]]
  ↳ db/seeds.rb:73
  [1m[36mUser Load (1.9ms)[0m  [1m[34mSELECT  "users".* FROM "users" WHERE "users"."id" = $1 LIMIT $2[0m  [["id", 3], ["LIMIT", 1]]
  ↳ db/seeds.rb:73
  [1m[36mArtworkShare Exists (0.5ms)[0m  [1m[34mSELECT  1 AS one FROM "artwork_shares" WHERE "artwork_shares"."artwork_id" = $1 AND "artwork_shares"."viewer_id" = $2 LIMIT $3[0m  [["artwork_id", 4], ["viewer_id", 4], ["LIMIT", 1]]
  ↳ db/seeds.rb:78
  [1m[36mArtwork Load (0.8ms)[0m  [1m[34mSELECT  "artworks".* FROM "artworks" WHERE "artworks"."id" = $1 LIMIT $2[0m  [["id", 4], ["LIMIT", 1]]
  ↳ db/seeds.rb:78
  [1m[36mUser Load (1.4ms)[0m  [1m[34mSELECT  "users".* FROM "users" WHERE "users"."id" = $1 LIMIT $2[0m  [["id", 4], ["LIMIT", 1]]
  ↳ db/seeds.rb:78
  [1m[35m (6.4ms)[0m  [1m[35mCOMMIT[0m
  ↳ db/seeds.rb:9
  [1m[36mUser Load (1.3ms)[0m  [1m[34mSELECT  "users".* FROM "users" ORDER BY "users"."id" ASC LIMIT $1[0m  [["LIMIT", 1]]
  [1m[36mUser Load (0.4ms)[0m  [1m[34mSELECT  "users".* FROM "users" WHERE "users"."id" = $1 LIMIT $2[0m  [["id", 1], ["LIMIT", 1]]
  [1m[35m (1.8ms)[0m  [1m[34mSELECT "schema_migrations"."version" FROM "schema_migrations" ORDER BY "schema_migrations"."version" ASC[0m
  ↳ bin/rails:9
  [1m[35m (0.4ms)[0m  [1m[34mSELECT "ar_internal_metadata"."value" FROM "ar_internal_metadata" WHERE "ar_internal_metadata"."key" = $1[0m  [["key", "environment"]]
  ↳ bin/rails:9
  [1m[35m (0.5ms)[0m  [1m[34mSELECT "schema_migrations"."version" FROM "schema_migrations" ORDER BY "schema_migrations"."version" ASC[0m
  ↳ bin/rails:9
  [1m[35m (1.2ms)[0m  [1m[34mSELECT "ar_internal_metadata"."value" FROM "ar_internal_metadata" WHERE "ar_internal_metadata"."key" = $1[0m  [["key", "environment"]]
  ↳ bin/rails:9
  [1m[35m (1.7ms)[0m  [1m[34mSELECT "schema_migrations"."version" FROM "schema_migrations" ORDER BY "schema_migrations"."version" ASC[0m
  ↳ bin/rails:9
  [1m[35m (1.1ms)[0m  [1m[34mSELECT "ar_internal_metadata"."value" FROM "ar_internal_metadata" WHERE "ar_internal_metadata"."key" = $1[0m  [["key", "environment"]]
  ↳ bin/rails:9
  [1m[35m (5024.5ms)[0m  [1m[35mDROP DATABASE IF EXISTS "first_routes_controllers_development"[0m
  ↳ bin/rails:9
  [1m[35m (1.2ms)[0m  [1m[34mSELECT "schema_migrations"."version" FROM "schema_migrations" ORDER BY "schema_migrations"."version" ASC[0m
  ↳ bin/rails:9
  [1m[35m (1.7ms)[0m  [1m[34mSELECT "ar_internal_metadata"."value" FROM "ar_internal_metadata" WHERE "ar_internal_metadata"."key" = $1[0m  [["key", "environment"]]
  ↳ bin/rails:9
  [1m[35m (0.7ms)[0m  [1m[34mSELECT "schema_migrations"."version" FROM "schema_migrations" ORDER BY "schema_migrations"."version" ASC[0m
  ↳ bin/rails:9
  [1m[35m (1.0ms)[0m  [1m[34mSELECT "ar_internal_metadata"."value" FROM "ar_internal_metadata" WHERE "ar_internal_metadata"."key" = $1[0m  [["key", "environment"]]
  ↳ bin/rails:9
  [1m[35m (0.7ms)[0m  [1m[34mSELECT "schema_migrations"."version" FROM "schema_migrations" ORDER BY "schema_migrations"."version" ASC[0m
  ↳ bin/rails:9
  [1m[35m (0.6ms)[0m  [1m[34mSELECT "ar_internal_metadata"."value" FROM "ar_internal_metadata" WHERE "ar_internal_metadata"."key" = $1[0m  [["key", "environment"]]
  ↳ bin/rails:9
  [1m[35m (39.0ms)[0m  [1m[35mDROP DATABASE IF EXISTS "first_routes_controllers_development"[0m
  ↳ bin/rails:9
  [1m[35m (30.8ms)[0m  [1m[35mDROP DATABASE IF EXISTS "first_routes_controllers_test"[0m
  ↳ bin/rails:9
  [1m[35m (184.9ms)[0m  [1m[35mCREATE DATABASE "first_routes_controllers_development" ENCODING = 'unicode'[0m
  ↳ bin/rails:9
  [1m[35m (180.5ms)[0m  [1m[35mCREATE DATABASE "first_routes_controllers_test" ENCODING = 'unicode'[0m
  ↳ bin/rails:9
  [1m[35m (35.2ms)[0m  [1m[35mCREATE TABLE "schema_migrations" ("version" character varying NOT NULL PRIMARY KEY)[0m
  ↳ bin/rails:9
  [1m[35m (7.5ms)[0m  [1m[35mCREATE TABLE "ar_internal_metadata" ("key" character varying NOT NULL PRIMARY KEY, "value" character varying, "created_at" timestamp NOT NULL, "updated_at" timestamp NOT NULL)[0m
  ↳ bin/rails:9
  [1m[35m (1.9ms)[0m  [1m[34mSELECT "schema_migrations"."version" FROM "schema_migrations" ORDER BY "schema_migrations"."version" ASC[0m
  ↳ bin/rails:9
  [1m[35m (0.4ms)[0m  [1m[34mSELECT pg_try_advisory_lock(8351843619101397030)[0m
  ↳ bin/rails:9
  [1m[35m (1.3ms)[0m  [1m[34mSELECT "schema_migrations"."version" FROM "schema_migrations" ORDER BY "schema_migrations"."version" ASC[0m
  ↳ bin/rails:9
Migrating to CreateUser (20210331183749)
  [1m[35m (1.0ms)[0m  [1m[35mBEGIN[0m
  ↳ bin/rails:9
  [1m[35m (16.5ms)[0m  [1m[35mCREATE TABLE "users" ("id" bigserial primary key, "name" character varying NOT NULL, "email" character varying NOT NULL, "created_at" timestamp NOT NULL, "updated_at" timestamp NOT NULL)[0m
  ↳ db/migrate/20210331183749_create_user.rb:3
  [1m[36mActiveRecord::SchemaMigration Create (0.8ms)[0m  [1m[32mINSERT INTO "schema_migrations" ("version") VALUES ($1) RETURNING "version"[0m  [["version", "20210331183749"]]
  ↳ bin/rails:9
  [1m[35m (4.2ms)[0m  [1m[35mCOMMIT[0m
  ↳ bin/rails:9
Migrating to EditUsers (20210331190151)
  [1m[35m (1.1ms)[0m  [1m[35mBEGIN[0m
  ↳ bin/rails:9
  [1m[35m (1.2ms)[0m  [1m[35mALTER TABLE "users" RENAME COLUMN "name" TO "username"[0m
  ↳ db/migrate/20210331190151_edit_users.rb:3
  [1m[35m (1.4ms)[0m  [1m[35mALTER TABLE "users" DROP COLUMN "email"[0m
  ↳ db/migrate/20210331190151_edit_users.rb:4
  [1m[35m (4.3ms)[0m  [1m[35mCREATE UNIQUE INDEX  "index_users_on_username" ON "users"  ("username")[0m
  ↳ db/migrate/20210331190151_edit_users.rb:5
  [1m[36mActiveRecord::SchemaMigration Create (0.7ms)[0m  [1m[32mINSERT INTO "schema_migrations" ("version") VALUES ($1) RETURNING "version"[0m  [["version", "20210331190151"]]
  ↳ bin/rails:9
  [1m[35m (3.5ms)[0m  [1m[35mCOMMIT[0m
  ↳ bin/rails:9
Migrating to CreateArtworks (20210331190709)
  [1m[35m (1.4ms)[0m  [1m[35mBEGIN[0m
  ↳ bin/rails:9
  [1m[35m (25.4ms)[0m  [1m[35mCREATE TABLE "artworks" ("id" bigserial primary key, "title" character varying NOT NULL, "image_url" character varying NOT NULL, "artist_id" integer NOT NULL, "created_at" timestamp NOT NULL, "updated_at" timestamp NOT NULL)[0m
  ↳ db/migrate/20210331190709_create_artworks.rb:3
  [1m[35m (8.7ms)[0m  [1m[35mCREATE UNIQUE INDEX  "index_artworks_on_artist_id_and_title" ON "artworks"  ("artist_id", "title")[0m
  ↳ db/migrate/20210331190709_create_artworks.rb:9
  [1m[35m (4.5ms)[0m  [1m[35mCREATE  INDEX  "index_artworks_on_artist_id" ON "artworks"  ("artist_id")[0m
  ↳ db/migrate/20210331190709_create_artworks.rb:10
  [1m[36mActiveRecord::SchemaMigration Create (1.7ms)[0m  [1m[32mINSERT INTO "schema_migrations" ("version") VALUES ($1) RETURNING "version"[0m  [["version", "20210331190709"]]
  ↳ bin/rails:9
  [1m[35m (3.0ms)[0m  [1m[35mCOMMIT[0m
  ↳ bin/rails:9
Migrating to CreateArtworkShares (20210331193706)
  [1m[35m (1.0ms)[0m  [1m[35mBEGIN[0m
  ↳ bin/rails:9
  [1m[35m (9.8ms)[0m  [1m[35mCREATE TABLE "artwork_shares" ("id" bigserial primary key, "artwork_id" integer NOT NULL, "viewer_id" integer NOT NULL, "created_at" timestamp NOT NULL, "updated_at" timestamp NOT NULL)[0m
  ↳ db/migrate/20210331193706_create_artwork_shares.rb:3
  [1m[35m (10.7ms)[0m  [1m[35mCREATE UNIQUE INDEX  "index_artwork_shares_on_artwork_id_and_viewer_id" ON "artwork_shares"  ("artwork_id", "viewer_id")[0m
  ↳ db/migrate/20210331193706_create_artwork_shares.rb:8
  [1m[35m (18.6ms)[0m  [1m[35mCREATE  INDEX  "index_artwork_shares_on_artwork_id" ON "artwork_shares"  ("artwork_id")[0m
  ↳ db/migrate/20210331193706_create_artwork_shares.rb:9
  [1m[35m (6.0ms)[0m  [1m[35mCREATE  INDEX  "index_artwork_shares_on_viewer_id" ON "artwork_shares"  ("viewer_id")[0m
  ↳ db/migrate/20210331193706_create_artwork_shares.rb:10
  [1m[36mActiveRecord::SchemaMigration Create (1.1ms)[0m  [1m[32mINSERT INTO "schema_migrations" ("version") VALUES ($1) RETURNING "version"[0m  [["version", "20210331193706"]]
  ↳ bin/rails:9
  [1m[35m (3.1ms)[0m  [1m[35mCOMMIT[0m
  ↳ bin/rails:9
  [1m[36mActiveRecord::InternalMetadata Load (0.5ms)[0m  [1m[34mSELECT  "ar_internal_metadata".* FROM "ar_internal_metadata" WHERE "ar_internal_metadata"."key" = $1 LIMIT $2[0m  [["key", "environment"], ["LIMIT", 1]]
  ↳ bin/rails:9
  [1m[35m (0.4ms)[0m  [1m[35mBEGIN[0m
  ↳ bin/rails:9
  [1m[36mActiveRecord::InternalMetadata Create (0.7ms)[0m  [1m[32mINSERT INTO "ar_internal_metadata" ("key", "value", "created_at", "updated_at") VALUES ($1, $2, $3, $4) RETURNING "key"[0m  [["key", "environment"], ["value", "development"], ["created_at", "2021-03-31 20:40:39.013576"], ["updated_at", "2021-03-31 20:40:39.013576"]]
  ↳ bin/rails:9
  [1m[35m (1.4ms)[0m  [1m[35mCOMMIT[0m
  ↳ bin/rails:9
  [1m[35m (0.5ms)[0m  [1m[34mSELECT pg_advisory_unlock(8351843619101397030)[0m
  ↳ bin/rails:9
  [1m[35m (0.5ms)[0m  [1m[34mSELECT "schema_migrations"."version" FROM "schema_migrations" ORDER BY "schema_migrations"."version" ASC[0m
  ↳ bin/rails:9
  [1m[35m (4.3ms)[0m  [1m[34mSELECT "schema_migrations"."version" FROM "schema_migrations" ORDER BY "schema_migrations"."version" ASC[0m
  ↳ bin/rails:9
  [1m[35m (0.4ms)[0m  [1m[35mBEGIN[0m
  ↳ db/seeds.rb:9
  [1m[36mArtwork Destroy (0.7ms)[0m  [1m[31mDELETE FROM "artworks"[0m
  ↳ db/seeds.rb:10
  [1m[36mUser Destroy (1.2ms)[0m  [1m[31mDELETE FROM "users"[0m
  ↳ db/seeds.rb:11
  [1m[36mArtworkShare Destroy (1.4ms)[0m  [1m[31mDELETE FROM "artwork_shares"[0m
  ↳ db/seeds.rb:12
  [1m[36mUser Exists (0.6ms)[0m  [1m[34mSELECT  1 AS one FROM "users" WHERE "users"."username" = $1 LIMIT $2[0m  [["username", "danielwu1"], ["LIMIT", 1]]
  ↳ db/seeds.rb:14
  [1m[36mUser Create (0.8ms)[0m  [1m[32mINSERT INTO "users" ("username", "created_at", "updated_at") VALUES ($1, $2, $3) RETURNING "id"[0m  [["username", "danielwu1"], ["created_at", "2021-03-31 20:40:46.225871"], ["updated_at", "2021-03-31 20:40:46.225871"]]
  ↳ db/seeds.rb:14
  [1m[36mUser Exists (0.4ms)[0m  [1m[34mSELECT  1 AS one FROM "users" WHERE "users"."username" = $1 LIMIT $2[0m  [["username", "jaewooklim"], ["LIMIT", 1]]
  ↳ db/seeds.rb:18
  [1m[36mUser Create (0.4ms)[0m  [1m[32mINSERT INTO "users" ("username", "created_at", "updated_at") VALUES ($1, $2, $3) RETURNING "id"[0m  [["username", "jaewooklim"], ["created_at", "2021-03-31 20:40:46.229997"], ["updated_at", "2021-03-31 20:40:46.229997"]]
  ↳ db/seeds.rb:18
  [1m[36mUser Exists (0.4ms)[0m  [1m[34mSELECT  1 AS one FROM "users" WHERE "users"."username" = $1 LIMIT $2[0m  [["username", "aracho"], ["LIMIT", 1]]
  ↳ db/seeds.rb:22
  [1m[36mUser Create (0.4ms)[0m  [1m[32mINSERT INTO "users" ("username", "created_at", "updated_at") VALUES ($1, $2, $3) RETURNING "id"[0m  [["username", "aracho"], ["created_at", "2021-03-31 20:40:46.232677"], ["updated_at", "2021-03-31 20:40:46.232677"]]
  ↳ db/seeds.rb:22
  [1m[36mUser Exists (0.5ms)[0m  [1m[34mSELECT  1 AS one FROM "users" WHERE "users"."username" = $1 LIMIT $2[0m  [["username", "danielgorter"], ["LIMIT", 1]]
  ↳ db/seeds.rb:26
  [1m[36mUser Create (1.0ms)[0m  [1m[32mINSERT INTO "users" ("username", "created_at", "updated_at") VALUES ($1, $2, $3) RETURNING "id"[0m  [["username", "danielgorter"], ["created_at", "2021-03-31 20:40:46.235993"], ["updated_at", "2021-03-31 20:40:46.235993"]]
  ↳ db/seeds.rb:26
  [1m[36mUser Exists (0.8ms)[0m  [1m[34mSELECT  1 AS one FROM "users" WHERE "users"."username" = $1 LIMIT $2[0m  [["username", "meganmcnulty"], ["LIMIT", 1]]
  ↳ db/seeds.rb:30
  [1m[36mUser Create (2.0ms)[0m  [1m[32mINSERT INTO "users" ("username", "created_at", "updated_at") VALUES ($1, $2, $3) RETURNING "id"[0m  [["username", "meganmcnulty"], ["created_at", "2021-03-31 20:40:46.240578"], ["updated_at", "2021-03-31 20:40:46.240578"]]
  ↳ db/seeds.rb:30
  [1m[36mArtwork Exists (2.7ms)[0m  [1m[34mSELECT  1 AS one FROM "artworks" WHERE "artworks"."artist_id" = $1 AND "artworks"."title" = $2 LIMIT $3[0m  [["artist_id", 1], ["title", "starry night"], ["LIMIT", 1]]
  ↳ db/seeds.rb:34
  [1m[36mUser Load (0.7ms)[0m  [1m[34mSELECT  "users".* FROM "users" WHERE "users"."id" = $1 LIMIT $2[0m  [["id", 1], ["LIMIT", 1]]
  ↳ db/seeds.rb:34
  [1m[36mArtwork Create (1.6ms)[0m  [1m[32mINSERT INTO "artworks" ("title", "image_url", "artist_id", "created_at", "updated_at") VALUES ($1, $2, $3, $4, $5) RETURNING "id"[0m  [["title", "starry night"], ["image_url", "www.starrynight.com"], ["artist_id", 1], ["created_at", "2021-03-31 20:40:46.310860"], ["updated_at", "2021-03-31 20:40:46.310860"]]
  ↳ db/seeds.rb:34
  [1m[36mArtwork Exists (0.9ms)[0m  [1m[34mSELECT  1 AS one FROM "artworks" WHERE "artworks"."artist_id" = $1 AND "artworks"."title" = $2 LIMIT $3[0m  [["artist_id", 1], ["title", "blurry night"], ["LIMIT", 1]]
  ↳ db/seeds.rb:40
  [1m[36mUser Load (2.0ms)[0m  [1m[34mSELECT  "users".* FROM "users" WHERE "users"."id" = $1 LIMIT $2[0m  [["id", 1], ["LIMIT", 1]]
  ↳ db/seeds.rb:40
  [1m[36mArtwork Create (1.0ms)[0m  [1m[32mINSERT INTO "artworks" ("title", "image_url", "artist_id", "created_at", "updated_at") VALUES ($1, $2, $3, $4, $5) RETURNING "id"[0m  [["title", "blurry night"], ["image_url", "www.blurrynight.com"], ["artist_id", 1], ["created_at", "2021-03-31 20:40:46.328219"], ["updated_at", "2021-03-31 20:40:46.328219"]]
  ↳ db/seeds.rb:40
  [1m[36mArtwork Exists (0.7ms)[0m  [1m[34mSELECT  1 AS one FROM "artworks" WHERE "artworks"."artist_id" = $1 AND "artworks"."title" = $2 LIMIT $3[0m  [["artist_id", 1], ["title", "nightly night"], ["LIMIT", 1]]
  ↳ db/seeds.rb:46
  [1m[36mUser Load (0.6ms)[0m  [1m[34mSELECT  "users".* FROM "users" WHERE "users"."id" = $1 LIMIT $2[0m  [["id", 1], ["LIMIT", 1]]
  ↳ db/seeds.rb:46
  [1m[36mArtwork Create (1.0ms)[0m  [1m[32mINSERT INTO "artworks" ("title", "image_url", "artist_id", "created_at", "updated_at") VALUES ($1, $2, $3, $4, $5) RETURNING "id"[0m  [["title", "nightly night"], ["image_url", "www.nightlynight.com"], ["artist_id", 1], ["created_at", "2021-03-31 20:40:46.336784"], ["updated_at", "2021-03-31 20:40:46.336784"]]
  ↳ db/seeds.rb:46
  [1m[36mArtwork Exists (1.0ms)[0m  [1m[34mSELECT  1 AS one FROM "artworks" WHERE "artworks"."artist_id" = $1 AND "artworks"."title" = $2 LIMIT $3[0m  [["artist_id", 2], ["title", "starry night"], ["LIMIT", 1]]
  ↳ db/seeds.rb:52
  [1m[36mUser Load (1.1ms)[0m  [1m[34mSELECT  "users".* FROM "users" WHERE "users"."id" = $1 LIMIT $2[0m  [["id", 2], ["LIMIT", 1]]
  ↳ db/seeds.rb:52
  [1m[36mArtwork Create (0.5ms)[0m  [1m[32mINSERT INTO "artworks" ("title", "image_url", "artist_id", "created_at", "updated_at") VALUES ($1, $2, $3, $4, $5) RETURNING "id"[0m  [["title", "starry night"], ["image_url", "www.starrynighttwo.com"], ["artist_id", 2], ["created_at", "2021-03-31 20:40:46.348873"], ["updated_at", "2021-03-31 20:40:46.348873"]]
  ↳ db/seeds.rb:52
  [1m[36mArtworkShare Exists (0.6ms)[0m  [1m[34mSELECT  1 AS one FROM "artwork_shares" WHERE "artwork_shares"."artwork_id" = $1 AND "artwork_shares"."viewer_id" = $2 LIMIT $3[0m  [["artwork_id", 1], ["viewer_id", 3], ["LIMIT", 1]]
  ↳ db/seeds.rb:58
  [1m[36mArtwork Load (2.1ms)[0m  [1m[34mSELECT  "artworks".* FROM "artworks" WHERE "artworks"."id" = $1 LIMIT $2[0m  [["id", 1], ["LIMIT", 1]]
  ↳ db/seeds.rb:58
  [1m[36mUser Load (1.2ms)[0m  [1m[34mSELECT  "users".* FROM "users" WHERE "users"."id" = $1 LIMIT $2[0m  [["id", 3], ["LIMIT", 1]]
  ↳ db/seeds.rb:58
  [1m[36mArtworkShare Create (1.0ms)[0m  [1m[32mINSERT INTO "artwork_shares" ("artwork_id", "viewer_id", "created_at", "updated_at") VALUES ($1, $2, $3, $4) RETURNING "id"[0m  [["artwork_id", 1], ["viewer_id", 3], ["created_at", "2021-03-31 20:40:46.404147"], ["updated_at", "2021-03-31 20:40:46.404147"]]
  ↳ db/seeds.rb:58
  [1m[36mArtworkShare Exists (0.5ms)[0m  [1m[34mSELECT  1 AS one FROM "artwork_shares" WHERE "artwork_shares"."artwork_id" = $1 AND "artwork_shares"."viewer_id" = $2 LIMIT $3[0m  [["artwork_id", 1], ["viewer_id", 4], ["LIMIT", 1]]
  ↳ db/seeds.rb:63
  [1m[36mArtwork Load (1.2ms)[0m  [1m[34mSELECT  "artworks".* FROM "artworks" WHERE "artworks"."id" = $1 LIMIT $2[0m  [["id", 1], ["LIMIT", 1]]
  ↳ db/seeds.rb:63
  [1m[36mUser Load (0.7ms)[0m  [1m[34mSELECT  "users".* FROM "users" WHERE "users"."id" = $1 LIMIT $2[0m  [["id", 4], ["LIMIT", 1]]
  ↳ db/seeds.rb:63
  [1m[36mArtworkShare Create (1.3ms)[0m  [1m[32mINSERT INTO "artwork_shares" ("artwork_id", "viewer_id", "created_at", "updated_at") VALUES ($1, $2, $3, $4) RETURNING "id"[0m  [["artwork_id", 1], ["viewer_id", 4], ["created_at", "2021-03-31 20:40:46.418180"], ["updated_at", "2021-03-31 20:40:46.418180"]]
  ↳ db/seeds.rb:63
  [1m[36mArtworkShare Exists (0.5ms)[0m  [1m[34mSELECT  1 AS one FROM "artwork_shares" WHERE "artwork_shares"."artwork_id" = $1 AND "artwork_shares"."viewer_id" = $2 LIMIT $3[0m  [["artwork_id", 2], ["viewer_id", 5], ["LIMIT", 1]]
  ↳ db/seeds.rb:68
  [1m[36mArtwork Load (0.4ms)[0m  [1m[34mSELECT  "artworks".* FROM "artworks" WHERE "artworks"."id" = $1 LIMIT $2[0m  [["id", 2], ["LIMIT", 1]]
  ↳ db/seeds.rb:68
  [1m[36mUser Load (0.3ms)[0m  [1m[34mSELECT  "users".* FROM "users" WHERE "users"."id" = $1 LIMIT $2[0m  [["id", 5], ["LIMIT", 1]]
  ↳ db/seeds.rb:68
  [1m[36mArtworkShare Create (0.4ms)[0m  [1m[32mINSERT INTO "artwork_shares" ("artwork_id", "viewer_id", "created_at", "updated_at") VALUES ($1, $2, $3, $4) RETURNING "id"[0m  [["artwork_id", 2], ["viewer_id", 5], ["created_at", "2021-03-31 20:40:46.427320"], ["updated_at", "2021-03-31 20:40:46.427320"]]
  ↳ db/seeds.rb:68
  [1m[36mArtworkShare Exists (0.5ms)[0m  [1m[34mSELECT  1 AS one FROM "artwork_shares" WHERE "artwork_shares"."artwork_id" = $1 AND "artwork_shares"."viewer_id" = $2 LIMIT $3[0m  [["artwork_id", 3], ["viewer_id", 3], ["LIMIT", 1]]
  ↳ db/seeds.rb:73
  [1m[36mArtwork Load (0.5ms)[0m  [1m[34mSELECT  "artworks".* FROM "artworks" WHERE "artworks"."id" = $1 LIMIT $2[0m  [["id", 3], ["LIMIT", 1]]
  ↳ db/seeds.rb:73
  [1m[36mUser Load (0.3ms)[0m  [1m[34mSELECT  "users".* FROM "users" WHERE "users"."id" = $1 LIMIT $2[0m  [["id", 3], ["LIMIT", 1]]
  ↳ db/seeds.rb:73
  [1m[36mArtworkShare Create (0.5ms)[0m  [1m[32mINSERT INTO "artwork_shares" ("artwork_id", "viewer_id", "created_at", "updated_at") VALUES ($1, $2, $3, $4) RETURNING "id"[0m  [["artwork_id", 3], ["viewer_id", 3], ["created_at", "2021-03-31 20:40:46.435643"], ["updated_at", "2021-03-31 20:40:46.435643"]]
  ↳ db/seeds.rb:73
  [1m[36mArtworkShare Exists (0.5ms)[0m  [1m[34mSELECT  1 AS one FROM "artwork_shares" WHERE "artwork_shares"."artwork_id" = $1 AND "artwork_shares"."viewer_id" = $2 LIMIT $3[0m  [["artwork_id", 4], ["viewer_id", 4], ["LIMIT", 1]]
  ↳ db/seeds.rb:78
  [1m[36mArtwork Load (0.5ms)[0m  [1m[34mSELECT  "artworks".* FROM "artworks" WHERE "artworks"."id" = $1 LIMIT $2[0m  [["id", 4], ["LIMIT", 1]]
  ↳ db/seeds.rb:78
  [1m[36mUser Load (0.4ms)[0m  [1m[34mSELECT  "users".* FROM "users" WHERE "users"."id" = $1 LIMIT $2[0m  [["id", 4], ["LIMIT", 1]]
  ↳ db/seeds.rb:78
  [1m[36mArtworkShare Create (1.8ms)[0m  [1m[32mINSERT INTO "artwork_shares" ("artwork_id", "viewer_id", "created_at", "updated_at") VALUES ($1, $2, $3, $4) RETURNING "id"[0m  [["artwork_id", 4], ["viewer_id", 4], ["created_at", "2021-03-31 20:40:46.443447"], ["updated_at", "2021-03-31 20:40:46.443447"]]
  ↳ db/seeds.rb:78
  [1m[35m (5.1ms)[0m  [1m[35mCOMMIT[0m
  ↳ db/seeds.rb:9
  [1m[36mUser Load (1.6ms)[0m  [1m[34mSELECT  "users".* FROM "users" ORDER BY "users"."id" ASC LIMIT $1[0m  [["LIMIT", 1]]
  [1m[36mArtwork Load (0.5ms)[0m  [1m[34mSELECT  "artworks".* FROM "artworks" ORDER BY "artworks"."id" ASC LIMIT $1[0m  [["LIMIT", 1]]
Started GET "/users" for ::1 at 2021-03-31 17:00:08 -0400
  [1m[35m (1.0ms)[0m  [1m[34mSELECT "schema_migrations"."version" FROM "schema_migrations" ORDER BY "schema_migrations"."version" ASC[0m
  ↳ /home/mace141/.rbenv/versions/2.5.1/lib/ruby/gems/2.5.0/gems/activerecord-5.2.5/lib/active_record/log_subscriber.rb:98
Processing by UsersController#index as */*
  [1m[36mUser Load (0.8ms)[0m  [1m[34mSELECT "users".* FROM "users"[0m
  ↳ app/controllers/users_controller.rb:5
Completed 200 OK in 60ms (Views: 9.0ms | ActiveRecord: 14.6ms)


Started GET "/users/" for ::1 at 2021-03-31 17:01:03 -0400
Processing by UsersController#index as */*
  [1m[36mUser Load (1.0ms)[0m  [1m[34mSELECT "users".* FROM "users"[0m
  ↳ app/controllers/users_controller.rb:5
Completed 200 OK in 16ms (Views: 14.0ms | ActiveRecord: 1.0ms)


Started GET "/users/1" for ::1 at 2021-03-31 17:01:49 -0400
Processing by UsersController#show as */*
  Parameters: {"id"=>"1"}
  [1m[36mUser Load (1.0ms)[0m  [1m[34mSELECT  "users".* FROM "users" WHERE "users"."id" = $1 LIMIT $2[0m  [["id", 1], ["LIMIT", 1]]
  ↳ app/controllers/users_controller.rb:21
Completed 200 OK in 48ms (Views: 1.4ms | ActiveRecord: 2.0ms)


Started PATCH "/users/1?username=danielwuuuu" for ::1 at 2021-03-31 17:02:27 -0400
Processing by UsersController#update as */*
  Parameters: {"username"=>"danielwuuuu", "id"=>"1"}
  [1m[36mUser Load (1.7ms)[0m  [1m[34mSELECT  "users".* FROM "users" WHERE "users"."id" = $1 LIMIT $2[0m  [["id", 1], ["LIMIT", 1]]
  ↳ app/controllers/users_controller.rb:26
Completed 400 Bad Request in 20ms (ActiveRecord: 1.7ms)



ActionController::ParameterMissing - param is missing or the value is empty: user:
  app/controllers/users_controller.rb:45:in `user_params'
  app/controllers/users_controller.rb:27:in `update'

Started PATCH "/users/1?user[username]=danielwuuuu" for ::1 at 2021-03-31 17:02:41 -0400
Processing by UsersController#update as */*
  Parameters: {"user"=>{"username"=>"danielwuuuu"}, "id"=>"1"}
  [1m[36mUser Load (1.4ms)[0m  [1m[34mSELECT  "users".* FROM "users" WHERE "users"."id" = $1 LIMIT $2[0m  [["id", 1], ["LIMIT", 1]]
  ↳ app/controllers/users_controller.rb:26
  [1m[35m (1.1ms)[0m  [1m[35mBEGIN[0m
  ↳ app/controllers/users_controller.rb:27
  [1m[36mUser Exists (2.8ms)[0m  [1m[34mSELECT  1 AS one FROM "users" WHERE "users"."username" = $1 AND "users"."id" != $2 LIMIT $3[0m  [["username", "danielwuuuu"], ["id", 1], ["LIMIT", 1]]
  ↳ app/controllers/users_controller.rb:27
  [1m[36mUser Update (0.7ms)[0m  [1m[33mUPDATE "users" SET "username" = $1, "updated_at" = $2 WHERE "users"."id" = $3[0m  [["username", "danielwuuuu"], ["updated_at", "2021-03-31 21:02:41.994379"], ["id", 1]]
  ↳ app/controllers/users_controller.rb:27
  [1m[35m (3.2ms)[0m  [1m[35mCOMMIT[0m
  ↳ app/controllers/users_controller.rb:27
Redirected to http://localhost:3000/users/1
Completed 302 Found in 44ms (ActiveRecord: 9.4ms)


Started GET "/users/1" for ::1 at 2021-03-31 17:02:42 -0400
Processing by UsersController#show as */*
  Parameters: {"id"=>"1"}
  [1m[36mUser Load (1.6ms)[0m  [1m[34mSELECT  "users".* FROM "users" WHERE "users"."id" = $1 LIMIT $2[0m  [["id", 1], ["LIMIT", 1]]
  ↳ app/controllers/users_controller.rb:21
Completed 200 OK in 8ms (Views: 0.7ms | ActiveRecord: 1.6ms)


Started GET "/artworks" for ::1 at 2021-03-31 17:10:49 -0400
  
ActionController::RoutingError (No route matches [GET] "/artworks"):
  
actionpack (5.2.5) lib/action_dispatch/middleware/debug_exceptions.rb:65:in `call'
web-console (3.7.0) lib/web_console/middleware.rb:135:in `call_app'
web-console (3.7.0) lib/web_console/middleware.rb:30:in `block in call'
web-console (3.7.0) lib/web_console/middleware.rb:20:in `catch'
web-console (3.7.0) lib/web_console/middleware.rb:20:in `call'
actionpack (5.2.5) lib/action_dispatch/middleware/show_exceptions.rb:33:in `call'
railties (5.2.5) lib/rails/rack/logger.rb:38:in `call_app'
railties (5.2.5) lib/rails/rack/logger.rb:26:in `block in call'
activesupport (5.2.5) lib/active_support/tagged_logging.rb:71:in `block in tagged'
activesupport (5.2.5) lib/active_support/tagged_logging.rb:28:in `tagged'
activesupport (5.2.5) lib/active_support/tagged_logging.rb:71:in `tagged'
railties (5.2.5) lib/rails/rack/logger.rb:26:in `call'
sprockets-rails (3.2.2) lib/sprockets/rails/quiet_assets.rb:13:in `call'
actionpack (5.2.5) lib/action_dispatch/middleware/remote_ip.rb:81:in `call'
actionpack (5.2.5) lib/action_dispatch/middleware/request_id.rb:27:in `call'
rack (2.2.3) lib/rack/method_override.rb:24:in `call'
rack (2.2.3) lib/rack/runtime.rb:22:in `call'
activesupport (5.2.5) lib/active_support/cache/strategy/local_cache_middleware.rb:29:in `call'
actionpack (5.2.5) lib/action_dispatch/middleware/executor.rb:14:in `call'
actionpack (5.2.5) lib/action_dispatch/middleware/static.rb:127:in `call'
rack (2.2.3) lib/rack/sendfile.rb:110:in `call'
railties (5.2.5) lib/rails/engine.rb:524:in `call'
puma (3.12.6) lib/puma/configuration.rb:227:in `call'
puma (3.12.6) lib/puma/server.rb:706:in `handle_request'
puma (3.12.6) lib/puma/server.rb:476:in `process_client'
puma (3.12.6) lib/puma/server.rb:334:in `block in run'
puma (3.12.6) lib/puma/thread_pool.rb:135:in `block in spawn_thread'
Started GET "/artworks" for ::1 at 2021-03-31 17:11:39 -0400
  [1m[35m (2.3ms)[0m  [1m[34mSELECT "schema_migrations"."version" FROM "schema_migrations" ORDER BY "schema_migrations"."version" ASC[0m
  ↳ /home/mace141/.rbenv/versions/2.5.1/lib/ruby/gems/2.5.0/gems/activerecord-5.2.5/lib/active_record/log_subscriber.rb:98
  
ActionController::RoutingError (No route matches [GET] "/artworks"):
  
actionpack (5.2.5) lib/action_dispatch/middleware/debug_exceptions.rb:65:in `call'
web-console (3.7.0) lib/web_console/middleware.rb:135:in `call_app'
web-console (3.7.0) lib/web_console/middleware.rb:30:in `block in call'
web-console (3.7.0) lib/web_console/middleware.rb:20:in `catch'
web-console (3.7.0) lib/web_console/middleware.rb:20:in `call'
actionpack (5.2.5) lib/action_dispatch/middleware/show_exceptions.rb:33:in `call'
railties (5.2.5) lib/rails/rack/logger.rb:38:in `call_app'
railties (5.2.5) lib/rails/rack/logger.rb:26:in `block in call'
activesupport (5.2.5) lib/active_support/tagged_logging.rb:71:in `block in tagged'
activesupport (5.2.5) lib/active_support/tagged_logging.rb:28:in `tagged'
activesupport (5.2.5) lib/active_support/tagged_logging.rb:71:in `tagged'
railties (5.2.5) lib/rails/rack/logger.rb:26:in `call'
sprockets-rails (3.2.2) lib/sprockets/rails/quiet_assets.rb:13:in `call'
actionpack (5.2.5) lib/action_dispatch/middleware/remote_ip.rb:81:in `call'
actionpack (5.2.5) lib/action_dispatch/middleware/request_id.rb:27:in `call'
rack (2.2.3) lib/rack/method_override.rb:24:in `call'
rack (2.2.3) lib/rack/runtime.rb:22:in `call'
activesupport (5.2.5) lib/active_support/cache/strategy/local_cache_middleware.rb:29:in `call'
actionpack (5.2.5) lib/action_dispatch/middleware/executor.rb:14:in `call'
actionpack (5.2.5) lib/action_dispatch/middleware/static.rb:127:in `call'
rack (2.2.3) lib/rack/sendfile.rb:110:in `call'
railties (5.2.5) lib/rails/engine.rb:524:in `call'
puma (3.12.6) lib/puma/configuration.rb:227:in `call'
puma (3.12.6) lib/puma/server.rb:706:in `handle_request'
puma (3.12.6) lib/puma/server.rb:476:in `process_client'
puma (3.12.6) lib/puma/server.rb:334:in `block in run'
puma (3.12.6) lib/puma/thread_pool.rb:135:in `block in spawn_thread'
Started GET "/artworks" for ::1 at 2021-03-31 17:12:29 -0400
Processing by ArtworksController#index as */*
  [1m[36mArtwork Load (1.9ms)[0m  [1m[34mSELECT "artworks".* FROM "artworks"[0m
  ↳ app/controllers/artworks_controller.rb:5
Completed 200 OK in 120ms (Views: 52.8ms | ActiveRecord: 44.1ms)


Started GET "/artworks/3" for ::1 at 2021-03-31 17:12:47 -0400
Processing by ArtworksController#show as */*
  Parameters: {"id"=>"3"}
  [1m[36mArtwork Load (3.3ms)[0m  [1m[34mSELECT  "artworks".* FROM "artworks" WHERE "artworks"."id" = $1 LIMIT $2[0m  [["id", 3], ["LIMIT", 1]]
  ↳ app/controllers/artworks_controller.rb:21
Completed 200 OK in 28ms (Views: 8.4ms | ActiveRecord: 4.9ms)


Started PATCH "/artworks/3?artworks[image_url]=www.nightlynighttwo.com" for ::1 at 2021-03-31 17:13:17 -0400
Processing by ArtworksController#update as */*
  Parameters: {"artworks"=>{"image_url"=>"www.nightlynighttwo.com"}, "id"=>"3"}
  [1m[36mArtwork Load (1.0ms)[0m  [1m[34mSELECT  "artworks".* FROM "artworks" WHERE "artworks"."id" = $1 LIMIT $2[0m  [["id", 3], ["LIMIT", 1]]
  ↳ app/controllers/artworks_controller.rb:26
Completed 400 Bad Request in 11ms (ActiveRecord: 1.0ms)



ActionController::ParameterMissing - param is missing or the value is empty: artwork:
  app/controllers/artworks_controller.rb:45:in `artwork_params'
  app/controllers/artworks_controller.rb:27:in `update'

Started PATCH "/artworks/3?artwork[image_url]=www.nightlynighttwo.com" for ::1 at 2021-03-31 17:13:29 -0400
Processing by ArtworksController#update as */*
  Parameters: {"artwork"=>{"image_url"=>"www.nightlynighttwo.com"}, "id"=>"3"}
  [1m[36mArtwork Load (1.6ms)[0m  [1m[34mSELECT  "artworks".* FROM "artworks" WHERE "artworks"."id" = $1 LIMIT $2[0m  [["id", 3], ["LIMIT", 1]]
  ↳ app/controllers/artworks_controller.rb:26
  [1m[35m (0.6ms)[0m  [1m[35mBEGIN[0m
  ↳ app/controllers/artworks_controller.rb:27
  [1m[36mArtwork Exists (1.9ms)[0m  [1m[34mSELECT  1 AS one FROM "artworks" WHERE "artworks"."artist_id" = $1 AND "artworks"."id" != $2 AND "artworks"."title" = $3 LIMIT $4[0m  [["artist_id", 1], ["id", 3], ["title", "nightly night"], ["LIMIT", 1]]
  ↳ app/controllers/artworks_controller.rb:27
  [1m[36mUser Load (2.2ms)[0m  [1m[34mSELECT  "users".* FROM "users" WHERE "users"."id" = $1 LIMIT $2[0m  [["id", 1], ["LIMIT", 1]]
  ↳ app/controllers/artworks_controller.rb:27
  [1m[36mArtwork Update (0.9ms)[0m  [1m[33mUPDATE "artworks" SET "image_url" = $1, "updated_at" = $2 WHERE "artworks"."id" = $3[0m  [["image_url", "www.nightlynighttwo.com"], ["updated_at", "2021-03-31 21:13:29.417748"], ["id", 3]]
  ↳ app/controllers/artworks_controller.rb:27
  [1m[35m (5.4ms)[0m  [1m[35mCOMMIT[0m
  ↳ app/controllers/artworks_controller.rb:27
Redirected to http://localhost:3000/users/3
Completed 302 Found in 126ms (ActiveRecord: 21.5ms)


Started GET "/users/3" for ::1 at 2021-03-31 17:13:29 -0400
Processing by UsersController#show as */*
  Parameters: {"id"=>"3"}
  [1m[36mUser Load (0.8ms)[0m  [1m[34mSELECT  "users".* FROM "users" WHERE "users"."id" = $1 LIMIT $2[0m  [["id", 3], ["LIMIT", 1]]
  ↳ app/controllers/users_controller.rb:21
Completed 200 OK in 5ms (Views: 0.8ms | ActiveRecord: 0.8ms)


Started PATCH "/artworks/3?artwork[image_url]=www.nightlynighttwo.com" for ::1 at 2021-03-31 17:16:33 -0400
Processing by ArtworksController#update as */*
  Parameters: {"artwork"=>{"image_url"=>"www.nightlynighttwo.com"}, "id"=>"3"}
  [1m[36mArtwork Load (0.7ms)[0m  [1m[34mSELECT  "artworks".* FROM "artworks" WHERE "artworks"."id" = $1 LIMIT $2[0m  [["id", 3], ["LIMIT", 1]]
  ↳ app/controllers/artworks_controller.rb:26
  [1m[35m (0.3ms)[0m  [1m[35mBEGIN[0m
  ↳ app/controllers/artworks_controller.rb:27
  [1m[36mArtwork Exists (2.4ms)[0m  [1m[34mSELECT  1 AS one FROM "artworks" WHERE "artworks"."artist_id" = $1 AND "artworks"."id" != $2 AND "artworks"."title" = $3 LIMIT $4[0m  [["artist_id", 1], ["id", 3], ["title", "nightly night"], ["LIMIT", 1]]
  ↳ app/controllers/artworks_controller.rb:27
  [1m[36mUser Load (2.0ms)[0m  [1m[34mSELECT  "users".* FROM "users" WHERE "users"."id" = $1 LIMIT $2[0m  [["id", 1], ["LIMIT", 1]]
  ↳ app/controllers/artworks_controller.rb:27
  [1m[35m (0.3ms)[0m  [1m[35mCOMMIT[0m
  ↳ app/controllers/artworks_controller.rb:27
Redirected to http://localhost:3000/artworks/3
Completed 302 Found in 128ms (ActiveRecord: 24.8ms)


Started GET "/artworks/3" for ::1 at 2021-03-31 17:16:33 -0400
Processing by ArtworksController#show as */*
  Parameters: {"id"=>"3"}
  [1m[36mArtwork Load (1.8ms)[0m  [1m[34mSELECT  "artworks".* FROM "artworks" WHERE "artworks"."id" = $1 LIMIT $2[0m  [["id", 3], ["LIMIT", 1]]
  ↳ app/controllers/artworks_controller.rb:21
Completed 200 OK in 11ms (Views: 3.2ms | ActiveRecord: 1.8ms)


Started GET "/artworks/" for ::1 at 2021-03-31 17:16:50 -0400
Processing by ArtworksController#index as */*
  [1m[36mArtwork Load (1.1ms)[0m  [1m[34mSELECT "artworks".* FROM "artworks"[0m
  ↳ app/controllers/artworks_controller.rb:5
Completed 200 OK in 16ms (Views: 13.8ms | ActiveRecord: 1.1ms)


Started DELETE "/artworks/2" for ::1 at 2021-03-31 17:17:12 -0400
Processing by ArtworksController#destroy as */*
  Parameters: {"id"=>"2"}
  [1m[36mArtwork Load (1.2ms)[0m  [1m[34mSELECT  "artworks".* FROM "artworks" WHERE "artworks"."id" = $1 LIMIT $2[0m  [["id", 2], ["LIMIT", 1]]
  ↳ app/controllers/artworks_controller.rb:36
  [1m[35m (1.0ms)[0m  [1m[35mBEGIN[0m
  ↳ app/controllers/artworks_controller.rb:37
  [1m[36mArtwork Destroy (1.8ms)[0m  [1m[31mDELETE FROM "artworks" WHERE "artworks"."id" = $1[0m  [["id", 2]]
  ↳ app/controllers/artworks_controller.rb:37
  [1m[35m (7.1ms)[0m  [1m[35mCOMMIT[0m
  ↳ app/controllers/artworks_controller.rb:37
Redirected to http://localhost:3000/artworks
Completed 302 Found in 21ms (ActiveRecord: 11.0ms)


Started GET "/artworks" for ::1 at 2021-03-31 17:17:12 -0400
Processing by ArtworksController#index as */*
  [1m[36mArtwork Load (0.8ms)[0m  [1m[34mSELECT "artworks".* FROM "artworks"[0m
  ↳ app/controllers/artworks_controller.rb:5
Completed 200 OK in 5ms (Views: 3.2ms | ActiveRecord: 0.8ms)


Started GET "/artwork_shares" for ::1 at 2021-03-31 17:23:52 -0400
Processing by ArtworkSharesController#index as */*
  [1m[36mArtworkShare Load (1.4ms)[0m  [1m[34mSELECT "artwork_shares".* FROM "artwork_shares"[0m
  ↳ app/controllers/artwork_shares_controller.rb:5
Completed 200 OK in 30ms (Views: 9.9ms | ActiveRecord: 9.5ms)


Started DELETE "/artwork_shares/5" for ::1 at 2021-03-31 17:32:13 -0400
Processing by ArtworkSharesController#destroy as */*
  Parameters: {"id"=>"5"}
  [1m[36mArtworkShare Load (5.3ms)[0m  [1m[34mSELECT  "artwork_shares".* FROM "artwork_shares" WHERE "artwork_shares"."id" = $1 LIMIT $2[0m  [["id", 5], ["LIMIT", 1]]
  ↳ app/controllers/artwork_shares_controller.rb:16
  [1m[35m (0.6ms)[0m  [1m[35mBEGIN[0m
  ↳ app/controllers/artwork_shares_controller.rb:17
  [1m[36mArtworkShare Destroy (1.4ms)[0m  [1m[31mDELETE FROM "artwork_shares" WHERE "artwork_shares"."id" = $1[0m  [["id", 5]]
  ↳ app/controllers/artwork_shares_controller.rb:17
  [1m[35m (8.7ms)[0m  [1m[35mCOMMIT[0m
  ↳ app/controllers/artwork_shares_controller.rb:17
Redirected to http://localhost:3000/artwork_shares/5
Completed 302 Found in 70ms (ActiveRecord: 31.7ms)


Started GET "/artwork_shares/5" for ::1 at 2021-03-31 17:32:13 -0400
  
ActionController::RoutingError (No route matches [GET] "/artwork_shares/5"):
  
actionpack (5.2.5) lib/action_dispatch/middleware/debug_exceptions.rb:65:in `call'
web-console (3.7.0) lib/web_console/middleware.rb:135:in `call_app'
web-console (3.7.0) lib/web_console/middleware.rb:30:in `block in call'
web-console (3.7.0) lib/web_console/middleware.rb:20:in `catch'
web-console (3.7.0) lib/web_console/middleware.rb:20:in `call'
actionpack (5.2.5) lib/action_dispatch/middleware/show_exceptions.rb:33:in `call'
railties (5.2.5) lib/rails/rack/logger.rb:38:in `call_app'
railties (5.2.5) lib/rails/rack/logger.rb:26:in `block in call'
activesupport (5.2.5) lib/active_support/tagged_logging.rb:71:in `block in tagged'
activesupport (5.2.5) lib/active_support/tagged_logging.rb:28:in `tagged'
activesupport (5.2.5) lib/active_support/tagged_logging.rb:71:in `tagged'
railties (5.2.5) lib/rails/rack/logger.rb:26:in `call'
sprockets-rails (3.2.2) lib/sprockets/rails/quiet_assets.rb:13:in `call'
actionpack (5.2.5) lib/action_dispatch/middleware/remote_ip.rb:81:in `call'
actionpack (5.2.5) lib/action_dispatch/middleware/request_id.rb:27:in `call'
rack (2.2.3) lib/rack/method_override.rb:24:in `call'
rack (2.2.3) lib/rack/runtime.rb:22:in `call'
activesupport (5.2.5) lib/active_support/cache/strategy/local_cache_middleware.rb:29:in `call'
actionpack (5.2.5) lib/action_dispatch/middleware/executor.rb:14:in `call'
actionpack (5.2.5) lib/action_dispatch/middleware/static.rb:127:in `call'
rack (2.2.3) lib/rack/sendfile.rb:110:in `call'
railties (5.2.5) lib/rails/engine.rb:524:in `call'
puma (3.12.6) lib/puma/configuration.rb:227:in `call'
puma (3.12.6) lib/puma/server.rb:706:in `handle_request'
puma (3.12.6) lib/puma/server.rb:476:in `process_client'
puma (3.12.6) lib/puma/server.rb:334:in `block in run'
puma (3.12.6) lib/puma/thread_pool.rb:135:in `block in spawn_thread'
Started DELETE "/artwork_share/5" for ::1 at 2021-03-31 17:32:59 -0400
  
ActionController::RoutingError (No route matches [DELETE] "/artwork_share/5"):
  
actionpack (5.2.5) lib/action_dispatch/middleware/debug_exceptions.rb:65:in `call'
web-console (3.7.0) lib/web_console/middleware.rb:135:in `call_app'
web-console (3.7.0) lib/web_console/middleware.rb:30:in `block in call'
web-console (3.7.0) lib/web_console/middleware.rb:20:in `catch'
web-console (3.7.0) lib/web_console/middleware.rb:20:in `call'
actionpack (5.2.5) lib/action_dispatch/middleware/show_exceptions.rb:33:in `call'
railties (5.2.5) lib/rails/rack/logger.rb:38:in `call_app'
railties (5.2.5) lib/rails/rack/logger.rb:26:in `block in call'
activesupport (5.2.5) lib/active_support/tagged_logging.rb:71:in `block in tagged'
activesupport (5.2.5) lib/active_support/tagged_logging.rb:28:in `tagged'
activesupport (5.2.5) lib/active_support/tagged_logging.rb:71:in `tagged'
railties (5.2.5) lib/rails/rack/logger.rb:26:in `call'
sprockets-rails (3.2.2) lib/sprockets/rails/quiet_assets.rb:13:in `call'
actionpack (5.2.5) lib/action_dispatch/middleware/remote_ip.rb:81:in `call'
actionpack (5.2.5) lib/action_dispatch/middleware/request_id.rb:27:in `call'
rack (2.2.3) lib/rack/method_override.rb:24:in `call'
rack (2.2.3) lib/rack/runtime.rb:22:in `call'
activesupport (5.2.5) lib/active_support/cache/strategy/local_cache_middleware.rb:29:in `call'
actionpack (5.2.5) lib/action_dispatch/middleware/executor.rb:14:in `call'
actionpack (5.2.5) lib/action_dispatch/middleware/static.rb:127:in `call'
rack (2.2.3) lib/rack/sendfile.rb:110:in `call'
railties (5.2.5) lib/rails/engine.rb:524:in `call'
puma (3.12.6) lib/puma/configuration.rb:227:in `call'
puma (3.12.6) lib/puma/server.rb:706:in `handle_request'
puma (3.12.6) lib/puma/server.rb:476:in `process_client'
puma (3.12.6) lib/puma/server.rb:334:in `block in run'
puma (3.12.6) lib/puma/thread_pool.rb:135:in `block in spawn_thread'
